2025-09-10 11:14:42,761 - WARNING - 한글 폰트 설정 실패, 기본 폰트 사용: [Errno 2] No such file or directory: '/System/Library/Fonts/AppleGothic.ttf'
2025-09-10 11:14:42,761 - INFO - === 이동평균 크로스오버 전략 시작 ===
2025-09-10 11:14:43,195 - INFO - 비트코인 가격 데이터 721개 수집 완료
2025-09-10 11:14:43,196 - INFO - 데이터 로드 완료: 721개
2025-09-10 11:14:43,197 - INFO - 매도 신호: 2025-08-13 06:09:59.728000 - 데드 크로스 (단기: 165207179, 장기: 165264364)
2025-09-10 11:14:43,197 - INFO - 매도 신호: 2025-08-14 03:02:07.157000 - 데드 크로스 (단기: 165764498, 장기: 165946979)
2025-09-10 11:14:43,197 - INFO - 매도 신호: 2025-08-15 18:03:08.736000 - 데드 크로스 (단기: 164359581, 장기: 164642530)
2025-09-10 11:14:43,197 - INFO - 매도 신호: 2025-08-16 18:01:13.697000 - 데드 크로스 (단기: 163155529, 장기: 163253077)
2025-09-10 11:14:43,197 - INFO - 매도 신호: 2025-08-17 04:03:10.389000 - 데드 크로스 (단기: 163413917, 장기: 163438577)
2025-09-10 11:14:43,197 - INFO - 매도 신호: 2025-08-17 07:02:53.272000 - 데드 크로스 (단기: 163385812, 장기: 163424338)
2025-09-10 11:14:43,197 - INFO - 매도 신호: 2025-08-17 10:02:58.518000 - 데드 크로스 (단기: 163309363, 장기: 163371879)
2025-09-10 11:14:43,198 - INFO - 매도 신호: 2025-08-17 18:00:50.982000 - 데드 크로스 (단기: 163581384, 장기: 163586252)
2025-09-10 11:14:43,198 - INFO - 매도 신호: 2025-08-19 06:02:34.740000 - 데드 크로스 (단기: 160255717, 장기: 160428040)
2025-09-10 11:14:43,198 - INFO - 매도 신호: 2025-08-20 19:02:34.089000 - 데드 크로스 (단기: 157994377, 장기: 158321348)
2025-09-10 11:14:43,198 - INFO - 매도 신호: 2025-08-23 01:02:32.195000 - 데드 크로스 (단기: 157534748, 장기: 157638607)
2025-09-10 11:14:43,198 - INFO - 매도 신호: 2025-08-24 15:00:53.884000 - 데드 크로스 (단기: 159303546, 장기: 159344970)
2025-09-10 11:14:43,198 - INFO - 매도 신호: 2025-08-27 00:02:31.816000 - 데드 크로스 (단기: 153302035, 장기: 153313261)
2025-09-10 11:14:43,198 - INFO - 매도 신호: 2025-08-28 04:02:37.377000 - 데드 크로스 (단기: 155521604, 장기: 155607443)
2025-09-10 11:14:43,198 - INFO - 매도 신호: 2025-08-28 23:02:50.627000 - 데드 크로스 (단기: 155886606, 장기: 156072137)
2025-09-10 11:14:43,198 - INFO - 매도 신호: 2025-08-30 21:01:32.535000 - 데드 크로스 (단기: 150380191, 장기: 150451948)
2025-09-10 11:14:43,198 - INFO - 매도 신호: 2025-09-01 11:02:30.453000 - 데드 크로스 (단기: 150982669, 장기: 150983519)
2025-09-10 11:14:43,199 - INFO - 매수 신호: 2025-09-01 18:00:30.775000 - 골든 크로스 (단기: 150988772, 장기: 150958260)
2025-09-10 11:14:43,199 - INFO - 매도 신호: 2025-09-02 00:02:49.312000 - 데드 크로스 (단기: 151177035, 장기: 151189650)
2025-09-10 11:14:43,199 - INFO - 매도 신호: 2025-09-02 14:00:56.804000 - 데드 크로스 (단기: 151827904, 장기: 151999576)
2025-09-10 11:14:43,199 - INFO - 매도 신호: 2025-09-04 05:01:42.289000 - 데드 크로스 (단기: 155040716, 장기: 155086559)
2025-09-10 11:14:43,199 - INFO - 매도 신호: 2025-09-05 15:02:29.751000 - 데드 크로스 (단기: 154044649, 장기: 154089381)
2025-09-10 11:14:43,199 - INFO - 매수 신호: 2025-09-06 07:01:14.446000 - 골든 크로스 (단기: 155190340, 장기: 155102733)
2025-09-10 11:14:43,199 - INFO - 매도 신호: 2025-09-06 19:06:12.321000 - 데드 크로스 (단기: 153603914, 장기: 153743302)
2025-09-10 11:14:43,199 - INFO - 매도 신호: 2025-09-07 02:02:43.915000 - 데드 크로스 (단기: 153546367, 장기: 153589249)
2025-09-10 11:14:43,199 - INFO - 매도 신호: 2025-09-07 19:01:47.596000 - 데드 크로스 (단기: 153055113, 장기: 153188900)
2025-09-10 11:14:43,199 - INFO - 매도 신호: 2025-09-09 21:00:40.406000 - 데드 크로스 (단기: 155570408, 장기: 155664007)
2025-09-10 11:14:43,199 - INFO - 매수: 2025-09-01 18:00:30.775000 - 가격: 152,571,344원
2025-09-10 11:14:43,200 - INFO - 매도: 2025-09-02 00:02:49.312000 - 가격: 152,012,780원, 수익: -3,661원
2025-09-10 11:14:43,200 - INFO - 매수: 2025-09-06 07:01:14.446000 - 가격: 153,371,755원
2025-09-10 11:14:43,200 - INFO - 매도: 2025-09-06 19:06:12.321000 - 가격: 153,481,971원, 수익: 716원
2025-09-10 11:14:43,200 - INFO - 백테스트 완료 - 총 수익률: -0.29%, 승률: 50.00%
2025-09-10 11:14:43,200 - INFO - 총 거래 횟수: 2
2025-09-10 11:14:43,200 - INFO - 승률: 50.00%
2025-09-10 11:14:43,200 - INFO - 총 수익률: -0.29%
2025-09-10 11:14:43,383 - ERROR - 차트 생성 오류: x and y must have same first dimension, but have shapes (702,) and (717,)
2025-09-10 11:14:43,383 - INFO - === 전략 실행 완료 ===
2025-09-10 11:18:11,713 - WARNING - 한글 폰트 설정 실패, 기본 폰트 사용: [Errno 2] No such file or directory: '/System/Library/Fonts/AppleGothic.ttf'
2025-09-10 11:18:11,713 - INFO - === 이동평균 크로스오버 전략 시작 ===
2025-09-10 11:18:12,134 - INFO - 비트코인 가격 데이터 721개 수집 완료
2025-09-10 11:18:12,134 - INFO - 데이터 로드 완료: 721개
2025-09-10 11:18:12,135 - INFO - 매도 신호: 2025-08-13 06:09:59.728000 - 데드 크로스 (단기: 165207179, 장기: 165264364)
2025-09-10 11:18:12,135 - INFO - 매도 신호: 2025-08-14 03:02:07.157000 - 데드 크로스 (단기: 165764498, 장기: 165946979)
2025-09-10 11:18:12,136 - INFO - 매도 신호: 2025-08-15 18:03:08.736000 - 데드 크로스 (단기: 164359581, 장기: 164642530)
2025-09-10 11:18:12,136 - INFO - 매도 신호: 2025-08-16 18:01:13.697000 - 데드 크로스 (단기: 163155529, 장기: 163253077)
2025-09-10 11:18:12,136 - INFO - 매도 신호: 2025-08-17 04:03:10.389000 - 데드 크로스 (단기: 163413917, 장기: 163438577)
2025-09-10 11:18:12,136 - INFO - 매도 신호: 2025-08-17 07:02:53.272000 - 데드 크로스 (단기: 163385812, 장기: 163424338)
2025-09-10 11:18:12,136 - INFO - 매도 신호: 2025-08-17 10:02:58.518000 - 데드 크로스 (단기: 163309363, 장기: 163371879)
2025-09-10 11:18:12,136 - INFO - 매도 신호: 2025-08-17 18:00:50.982000 - 데드 크로스 (단기: 163581384, 장기: 163586252)
2025-09-10 11:18:12,136 - INFO - 매도 신호: 2025-08-19 06:02:34.740000 - 데드 크로스 (단기: 160255717, 장기: 160428040)
2025-09-10 11:18:12,136 - INFO - 매도 신호: 2025-08-20 19:02:34.089000 - 데드 크로스 (단기: 157994377, 장기: 158321348)
2025-09-10 11:18:12,136 - INFO - 매도 신호: 2025-08-23 01:02:32.195000 - 데드 크로스 (단기: 157534748, 장기: 157638607)
2025-09-10 11:18:12,136 - INFO - 매도 신호: 2025-08-24 15:00:53.884000 - 데드 크로스 (단기: 159303546, 장기: 159344970)
2025-09-10 11:18:12,136 - INFO - 매도 신호: 2025-08-27 00:02:31.816000 - 데드 크로스 (단기: 153302035, 장기: 153313261)
2025-09-10 11:18:12,137 - INFO - 매도 신호: 2025-08-28 04:02:37.377000 - 데드 크로스 (단기: 155521604, 장기: 155607443)
2025-09-10 11:18:12,137 - INFO - 매도 신호: 2025-08-28 23:02:50.627000 - 데드 크로스 (단기: 155886606, 장기: 156072137)
2025-09-10 11:18:12,137 - INFO - 매도 신호: 2025-08-30 21:01:32.535000 - 데드 크로스 (단기: 150380191, 장기: 150451948)
2025-09-10 11:18:12,137 - INFO - 매도 신호: 2025-09-01 11:02:30.453000 - 데드 크로스 (단기: 150982669, 장기: 150983519)
2025-09-10 11:18:12,137 - INFO - 매수 신호: 2025-09-01 18:00:30.775000 - 골든 크로스 (단기: 150988772, 장기: 150958260)
2025-09-10 11:18:12,137 - INFO - 매도 신호: 2025-09-02 00:02:49.312000 - 데드 크로스 (단기: 151177035, 장기: 151189650)
2025-09-10 11:18:12,137 - INFO - 매도 신호: 2025-09-02 14:00:56.804000 - 데드 크로스 (단기: 151827904, 장기: 151999576)
2025-09-10 11:18:12,137 - INFO - 매도 신호: 2025-09-04 05:01:42.289000 - 데드 크로스 (단기: 155040716, 장기: 155086559)
2025-09-10 11:18:12,137 - INFO - 매도 신호: 2025-09-05 15:02:29.751000 - 데드 크로스 (단기: 154044649, 장기: 154089381)
2025-09-10 11:18:12,137 - INFO - 매수 신호: 2025-09-06 07:01:14.446000 - 골든 크로스 (단기: 155190340, 장기: 155102733)
2025-09-10 11:18:12,138 - INFO - 매도 신호: 2025-09-06 19:06:12.321000 - 데드 크로스 (단기: 153603914, 장기: 153743302)
2025-09-10 11:18:12,138 - INFO - 매도 신호: 2025-09-07 02:02:43.915000 - 데드 크로스 (단기: 153546367, 장기: 153589249)
2025-09-10 11:18:12,138 - INFO - 매도 신호: 2025-09-07 19:01:47.596000 - 데드 크로스 (단기: 153055113, 장기: 153188900)
2025-09-10 11:18:12,138 - INFO - 매도 신호: 2025-09-09 21:00:40.406000 - 데드 크로스 (단기: 155570408, 장기: 155664007)
2025-09-10 11:18:12,138 - INFO - 매수: 2025-09-01 18:00:30.775000 - 가격: 152,571,344원
2025-09-10 11:18:12,138 - INFO - 매도: 2025-09-02 00:02:49.312000 - 가격: 152,012,780원, 수익: -3,661원
2025-09-10 11:18:12,138 - INFO - 매수: 2025-09-06 07:01:14.446000 - 가격: 153,371,755원
2025-09-10 11:18:12,138 - INFO - 매도: 2025-09-06 19:06:12.321000 - 가격: 153,481,971원, 수익: 716원
2025-09-10 11:18:12,138 - INFO - 백테스트 완료 - 총 수익률: -0.29%, 승률: 50.00%
2025-09-10 11:18:12,138 - INFO - 총 거래 횟수: 2
2025-09-10 11:18:12,138 - INFO - 승률: 50.00%
2025-09-10 11:18:12,138 - INFO - 총 수익률: -0.29%
2025-09-10 11:18:22,605 - INFO - 차트 저장 완료: bitcoin_ma_strategy.png
2025-09-10 11:18:22,605 - INFO - === 전략 실행 완료 ===
