2025-09-08 00:35:06,485 - INFO - 한글 폰트 설정 완료
2025-09-08 00:35:06,486 - INFO - 변동성 돌파 전략 초기화 완료 (초기 자본: 10,000,000원)
2025-09-08 00:35:17,533 - INFO - 변동성 돌파 전략 실행 시작
2025-09-08 00:35:18,075 - INFO - 비트코인 OHLC 데이터 180개 수집 완료
2025-09-08 00:35:18,171 - INFO - 현재 가격: 154,393,484원
2025-09-08 00:35:18,171 - INFO - 전일 고가: 153,715,444원, 전일 저가: 153,185,351원
2025-09-08 00:35:18,172 - INFO - 돌파선: 153,980,490원
2025-09-08 00:35:18,173 - INFO - 매수 실행: 가격 154,393,484원, 수량 0.003238, 손절가 151,305,614원, 익절가 159,025,289원
2025-09-08 00:35:18,174 - INFO - 매수 신호 실행 완료
2025-09-08 00:35:31,509 - INFO - 백테스팅 시작 (기간: 90일)
2025-09-08 00:35:31,856 - INFO - 비트코인 OHLC 데이터 23개 수집 완료
2025-09-08 00:35:31,857 - INFO - 백테스팅 완료: 총 수익률 +0.21%, 승률 100.0%
2025-09-08 00:36:09,002 - INFO - 백테스팅 시작 (기간: 90일)
2025-09-08 00:36:09,074 - INFO - 비트코인 OHLC 데이터 23개 수집 완료
2025-09-08 00:36:09,075 - INFO - 백테스팅 완료: 총 수익률 +0.21%, 승률 100.0%
2025-09-08 00:36:42,319 - INFO - 백테스팅 결과 차트 생성 완료
2025-09-08 00:37:09,388 - INFO - 변동성 돌파 전략 실행 시작
2025-09-08 00:37:09,469 - INFO - 비트코인 OHLC 데이터 180개 수집 완료
2025-09-08 00:37:09,557 - INFO - 현재 가격: 154,337,810원
2025-09-08 00:37:09,558 - INFO - 전일 고가: 153,715,444원, 전일 저가: 153,185,351원
2025-09-08 00:37:09,559 - INFO - 돌파선: 153,980,490원
2025-09-08 00:37:09,559 - WARNING - 이미 포지션이 존재합니다. 매수 불가
2025-09-08 00:37:09,560 - ERROR - 매수 신호 실행 실패
2025-09-08 00:38:46,975 - INFO - 백테스팅 시작 (기간: 90일)
2025-09-08 00:38:47,048 - INFO - 비트코인 OHLC 데이터 23개 수집 완료
2025-09-08 00:38:47,049 - INFO - 백테스팅 완료: 총 수익률 +0.21%, 승률 100.0%
2025-09-08 00:39:58,370 - INFO - 백테스팅 결과 차트 생성 완료
2025-09-10 11:09:02,996 - WARNING - 한글 폰트 설정 실패: [Errno 2] No such file or directory: '/Volumes/MacPro16/workspace/bot-trade-lesson/lesson-03/C:/Windows/Fonts/malgun.ttf'
2025-09-10 11:09:02,996 - INFO - 변동성 돌파 전략 초기화 완료 (초기 자본: 10,000,000원)
2025-09-10 11:09:29,456 - INFO - 변동성 돌파 전략 실행 시작
2025-09-10 11:09:30,154 - INFO - 비트코인 OHLC 데이터 180개 수집 완료
2025-09-10 11:09:30,215 - INFO - 현재 가격: 154,421,572원
2025-09-10 11:09:30,215 - INFO - 전일 고가: 154,734,355원, 전일 저가: 153,924,376원
2025-09-10 11:09:30,215 - INFO - 돌파선: 155,139,344원
2025-09-10 11:09:51,236 - INFO - 백테스팅 시작 (기간: 90일)
2025-09-10 11:09:51,761 - INFO - 비트코인 OHLC 데이터 23개 수집 완료
2025-09-10 11:09:51,761 - INFO - 백테스팅 완료: 총 수익률 +0.21%, 승률 100.0%
2025-09-20 17:31:52,061 - INFO - OHLC 데이터 수집 중... (심볼: KRW-BTC, 일수: 30)
2025-09-20 17:31:53,637 - INFO - OHLC 데이터 수집 완료: 31개 데이터
2025-09-20 17:31:53,639 - INFO - 백테스팅 시작...
2025-09-20 17:31:53,642 - INFO - 포지션 진입: 0.003160개 @ 158,220,290원 (돌파 매수)
2025-09-20 17:31:53,645 - INFO - 포지션 청산: 0.003160개 @ 161,868,829원 (백테스팅 종료)
2025-09-20 17:31:53,646 - INFO - 수익/손실: 11,530원 (+2.31%)
