2025-09-11 05:36:24,601 - INFO - 변동성 돌파 전략 초기화 완료 - 초기 자본: 1,000,000원
2025-09-11 05:36:26,022 - INFO - bitcoin 데이터 91일 수집 완료
2025-09-11 05:36:26,028 - INFO - 백테스트 시작
2025-09-11 05:36:26,046 - INFO - 매수 신호 발생! 현재가: 162,802,253원, 돌파선: 162,757,489원
2025-09-11 05:36:26,047 - INFO - 매수 실행 - 가격: 162,802,253원, 수량: 0.000307, 포지션 가치: 50,000원
2025-09-11 05:36:26,058 - INFO - 시간 손절 신호 발생! 보유 시간: 34 days 05:36:26.058133
2025-09-11 05:36:26,059 - INFO - 매도 실행 - 가격: 162,053,303원, 수익률: -0.46%, 수익금: -230원, 사유: 시간 손절
2025-09-11 05:36:26,091 - INFO - 백테스트 완료
2025-09-11 05:46:21,044 - INFO - 변동성 돌파 전략 초기화 완료 - 초기 자본: 1,000,000원
2025-09-11 05:46:22,478 - INFO - bitcoin 데이터 91일 수집 완료
2025-09-11 05:46:22,482 - INFO - 백테스트 시작
2025-09-11 05:46:22,489 - INFO - 매수 신호 발생! 현재가: 148,882,003원, 돌파선: 148,784,774원
2025-09-11 05:46:22,490 - INFO - 매수 실행 - 가격: 148,882,003원, 수량: 0.000336, 포지션 가치: 50,000원
2025-09-11 05:46:22,491 - INFO - 시간 손절 신호 발생! 보유 시간: 66 days 05:46:22.491502
2025-09-11 05:46:22,492 - INFO - 매도 실행 - 가격: 148,982,764원, 수익률: 0.07%, 수익금: 34원, 사유: 시간 손절
2025-09-11 05:46:22,512 - INFO - 백테스트 완료
2025-09-11 05:57:25,355 - INFO - 변동성 돌파 전략 초기화 완료 - 초기 자본: 1,000,000원
2025-09-11 05:57:27,063 - INFO - bitcoin 데이터 91일 수집 완료
2025-09-11 05:57:27,067 - INFO - 백테스트 시작
2025-09-11 05:57:27,073 - INFO - 매수 신호 발생! 현재가: 147,480,660원, 돌파선: 145,489,982원
2025-09-11 05:57:27,074 - INFO - 매수 실행 - 가격: 147,480,660원, 수량: 0.000339, 포지션 가치: 50,000원
2025-09-11 05:57:27,075 - INFO - 시간 손절 신호 발생! 보유 시간: 70 days 05:57:27.075381
2025-09-11 05:57:27,076 - INFO - 매도 실행 - 가격: 149,051,874원, 수익률: 1.07%, 수익금: 533원, 사유: 시간 손절
2025-09-11 05:57:27,095 - INFO - 백테스트 완료
2025-09-11 06:06:38,834 - INFO - 변동성 돌파 전략 초기화 완료 - 초기 자본: 1,000,000원
2025-09-11 06:06:40,327 - INFO - bitcoin 데이터 91일 수집 완료
2025-09-11 06:06:40,328 - INFO - 데이터 기간: 2025-06-13 00:00:00 ~ 2025-09-10 21:06:33
2025-09-11 06:06:40,332 - INFO - 백테스트 시작 - 일별 돌파선 체크 방식
2025-09-11 06:06:40,333 - INFO - Day 1: 2025-06-14 - 현재가: 144,832,637원
2025-09-11 06:06:40,334 - INFO - 돌파선: 146,978,149원 (전일 고가: 145,109,436, 저가: 141,372,011)
2025-09-11 06:06:40,335 - INFO - Day 2: 2025-06-15 - 현재가: 144,064,182원
2025-09-11 06:06:40,335 - INFO - 돌파선: 146,659,003원 (전일 고가: 145,720,300, 저가: 143,842,894)
2025-09-11 06:06:40,336 - INFO - Day 3: 2025-06-16 - 현재가: 144,161,953원
2025-09-11 06:06:40,337 - INFO - 돌파선: 145,067,966원 (전일 고가: 144,630,868, 저가: 143,756,672)
2025-09-11 06:06:40,338 - INFO - Day 4: 2025-06-17 - 현재가: 145,407,741원
2025-09-11 06:06:40,338 - INFO - 돌파선: 144,241,349원 (전일 고가: 144,197,342, 저가: 144,109,328)
2025-09-11 06:06:40,339 - INFO - 매수 신호 발생! 현재가: 145,407,741원, 돌파선: 144,241,349원
2025-09-11 06:06:40,340 - INFO - 매수 실행 - 가격: 145,407,741원, 수량: 0.000344, 포지션 가치: 50,000원
2025-09-11 06:06:40,341 - INFO - 매수 완료 - 진입가: 145,407,741원
2025-09-11 06:06:40,342 - INFO - Day 5: 2025-06-18 - 현재가: 144,535,010원
2025-09-11 06:06:40,342 - INFO - 시간 손절 신호 발생! 보유 시간: 1 days 00:00:00
2025-09-11 06:06:40,343 - INFO - 매도 실행 - 가격: 144,535,010원, 수익률: -0.60%, 수익금: -300원, 사유: 시간 손절
2025-09-11 06:06:40,344 - INFO - 매도 완료 - 사유: 시간 손절
2025-09-11 06:06:40,344 - INFO - 돌파선: 146,402,175원 (전일 고가: 145,852,863, 저가: 144,754,240)
2025-09-11 06:06:40,345 - INFO - Day 6: 2025-06-19 - 현재가: 143,857,566원
2025-09-11 06:06:40,346 - INFO - 돌파선: 145,185,831원 (전일 고가: 144,860,547, 저가: 144,209,978)
2025-09-11 06:06:40,347 - INFO - Day 7: 2025-06-20 - 현재가: 144,052,253원
2025-09-11 06:06:40,347 - INFO - 돌파선: 144,378,887원 (전일 고가: 144,109,298, 저가: 143,570,122)
2025-09-11 06:06:40,348 - INFO - Day 8: 2025-06-21 - 현재가: 141,834,231원
2025-09-11 06:06:40,349 - INFO - 돌파선: 144,216,282원 (전일 고가: 144,131,438, 저가: 143,961,751)
2025-09-11 06:06:40,351 - INFO - Day 9: 2025-06-22 - 현재가: 139,420,846원
2025-09-11 06:06:40,356 - INFO - 돌파선: 143,552,942원 (전일 고가: 142,720,015, 저가: 141,054,162)
2025-09-11 06:06:40,358 - INFO - Day 10: 2025-06-23 - 현재가: 138,215,635원
2025-09-11 06:06:40,358 - INFO - 돌파선: 143,066,275원 (전일 고가: 141,289,071, 저가: 137,734,664)
2025-09-11 06:06:40,360 - INFO - Day 11: 2025-06-24 - 현재가: 143,918,911원
2025-09-11 06:06:40,361 - INFO - 돌파선: 139,581,730원 (전일 고가: 138,968,863, 저가: 137,743,129)
2025-09-11 06:06:40,365 - INFO - 매수 신호 발생! 현재가: 143,918,911원, 돌파선: 139,581,730원
2025-09-11 06:06:40,365 - INFO - 매수 실행 - 가격: 143,918,911원, 수량: 0.000347, 포지션 가치: 49,985원
2025-09-11 06:06:40,366 - INFO - 매수 완료 - 진입가: 143,918,911원
2025-09-11 06:06:40,367 - INFO - Day 12: 2025-06-25 - 현재가: 143,711,013원
2025-09-11 06:06:40,368 - INFO - 시간 손절 신호 발생! 보유 시간: 1 days 00:00:00
2025-09-11 06:06:40,369 - INFO - 매도 실행 - 가격: 143,711,013원, 수익률: -0.14%, 수익금: -72원, 사유: 시간 손절
2025-09-11 06:06:40,369 - INFO - 매도 완료 - 사유: 시간 손절
2025-09-11 06:06:40,370 - INFO - 돌파선: 150,044,585원 (전일 고가: 147,370,151, 저가: 142,021,282)
2025-09-11 06:06:40,371 - INFO - Day 13: 2025-06-26 - 현재가: 145,436,873원
2025-09-11 06:06:40,372 - INFO - 돌파선: 143,996,213원 (전일 고가: 143,851,844, 저가: 143,563,105)
2025-09-11 06:06:40,372 - INFO - 매수 신호 발생! 현재가: 145,436,873원, 돌파선: 143,996,213원
2025-09-11 06:06:40,373 - INFO - 매수 실행 - 가격: 145,436,873원, 수량: 0.000344, 포지션 가치: 49,981원
2025-09-11 06:06:40,379 - INFO - 매수 완료 - 진입가: 145,436,873원
2025-09-11 06:06:40,382 - INFO - Day 14: 2025-06-27 - 현재가: 144,792,189원
2025-09-11 06:06:40,383 - INFO - 시간 손절 신호 발생! 보유 시간: 1 days 00:00:00
2025-09-11 06:06:40,384 - INFO - 매도 실행 - 가격: 144,792,189원, 수익률: -0.44%, 수익금: -222원, 사유: 시간 손절
2025-09-11 06:06:40,385 - INFO - 매도 완료 - 사유: 시간 손절
2025-09-11 06:06:40,386 - INFO - 돌파선: 147,812,606원 (전일 고가: 146,628,327, 저가: 144,259,770)
2025-09-11 06:06:40,387 - INFO - Day 15: 2025-06-28 - 현재가: 146,105,003원
2025-09-11 06:06:40,387 - INFO - 돌파선: 145,672,313원 (전일 고가: 145,246,925, 저가: 144,396,149)
2025-09-11 06:06:40,389 - INFO - 매수 신호 발생! 현재가: 146,105,003원, 돌파선: 145,672,313원
2025-09-11 06:06:40,390 - INFO - 매수 실행 - 가격: 146,105,003원, 수량: 0.000342, 포지션 가치: 49,970원
2025-09-11 06:06:40,396 - INFO - 매수 완료 - 진입가: 146,105,003원
2025-09-11 06:06:40,398 - INFO - Day 16: 2025-06-29 - 현재가: 146,449,762원
2025-09-11 06:06:40,399 - INFO - 시간 손절 신호 발생! 보유 시간: 1 days 00:00:00
2025-09-11 06:06:40,400 - INFO - 매도 실행 - 가격: 146,449,762원, 수익률: 0.24%, 수익금: 118원, 사유: 시간 손절
2025-09-11 06:06:40,401 - INFO - 매도 완료 - 사유: 시간 손절
2025-09-11 06:06:40,401 - INFO - 돌파선: 147,616,637원 (전일 고가: 146,789,174, 저가: 145,134,247)
2025-09-11 06:06:40,402 - INFO - Day 17: 2025-06-30 - 현재가: 147,917,064원
2025-09-11 06:06:40,403 - INFO - 돌파선: 146,843,336원 (전일 고가: 146,630,937, 저가: 146,206,139)
2025-09-11 06:06:40,404 - INFO - 매수 신호 발생! 현재가: 147,917,064원, 돌파선: 146,843,336원
2025-09-11 06:06:40,405 - INFO - 매수 실행 - 가격: 147,917,064원, 수량: 0.000338, 포지션 가치: 49,976원
2025-09-11 06:06:40,405 - INFO - 매수 완료 - 진입가: 147,917,064원
2025-09-11 06:06:40,406 - INFO - Day 18: 2025-07-01 - 현재가: 144,701,058원
2025-09-11 06:06:40,410 - INFO - 손절 신호 발생! 수익률: -2.17%
2025-09-11 06:06:40,413 - INFO - 매도 실행 - 가격: 144,701,058원, 수익률: -2.17%, 수익금: -1,087원, 사유: 손절
2025-09-11 06:06:40,414 - INFO - 매도 완료 - 사유: 손절
2025-09-11 06:06:40,414 - INFO - 돌파선: 149,171,576원 (전일 고가: 148,536,982, 저가: 147,267,793)
2025-09-11 06:06:40,415 - INFO - Day 19: 2025-07-02 - 현재가: 143,243,105원
2025-09-11 06:06:40,416 - INFO - 돌파선: 148,548,999원 (전일 고가: 146,936,759, 저가: 143,712,278)
2025-09-11 06:06:40,417 - INFO - Day 20: 2025-07-03 - 현재가: 147,480,660원
2025-09-11 06:06:40,418 - INFO - 돌파선: 144,479,899원 (전일 고가: 143,683,177, 저가: 142,089,733)
2025-09-11 06:06:40,420 - INFO - 매수 신호 발생! 현재가: 147,480,660원, 돌파선: 144,479,899원
2025-09-11 06:06:40,421 - INFO - 매수 실행 - 가격: 147,480,660원, 수량: 0.000338, 포지션 가치: 49,922원
2025-09-11 06:06:40,421 - INFO - 매수 완료 - 진입가: 147,480,660원
2025-09-11 06:06:40,423 - INFO - Day 21: 2025-07-04 - 현재가: 149,051,874원
2025-09-11 06:06:40,423 - INFO - 시간 손절 신호 발생! 보유 시간: 1 days 00:00:00
2025-09-11 06:06:40,431 - INFO - 매도 실행 - 가격: 149,051,874원, 수익률: 1.07%, 수익금: 532원, 사유: 시간 손절
2025-09-11 06:06:40,431 - INFO - 매도 완료 - 사유: 시간 손절
2025-09-11 06:06:40,432 - INFO - 돌파선: 151,494,609원 (전일 고가: 149,235,450, 저가: 144,717,133)
2025-09-11 06:06:40,433 - INFO - Day 22: 2025-07-05 - 현재가: 147,209,916원
2025-09-11 06:06:40,434 - INFO - 돌파선: 150,294,673원 (전일 고가: 149,615,631, 저가: 148,257,546)
2025-09-11 06:06:40,435 - INFO - Day 23: 2025-07-06 - 현재가: 147,450,509원
2025-09-11 06:06:40,435 - INFO - 돌파선: 149,304,928원 (전일 고가: 148,237,666, 저가: 146,103,142)
2025-09-11 06:06:40,437 - INFO - Day 24: 2025-07-07 - 현재가: 148,882,003원
2025-09-11 06:06:40,438 - INFO - 돌파선: 147,705,675원 (전일 고가: 147,584,283, 저가: 147,341,498)
2025-09-11 06:06:40,438 - INFO - 매수 신호 발생! 현재가: 148,882,003원, 돌파선: 147,705,675원
2025-09-11 06:06:40,439 - INFO - 매수 실행 - 가격: 148,882,003원, 수량: 0.000335, 포지션 가치: 49,948원
2025-09-11 06:06:40,440 - INFO - 매수 완료 - 진입가: 148,882,003원
2025-09-11 06:06:40,447 - INFO - Day 25: 2025-07-08 - 현재가: 148,982,764원
2025-09-11 06:06:40,451 - INFO - 시간 손절 신호 발생! 보유 시간: 1 days 00:00:00
2025-09-11 06:06:40,451 - INFO - 매도 실행 - 가격: 148,982,764원, 수익률: 0.07%, 수익금: 34원, 사유: 시간 손절
2025-09-11 06:06:40,452 - INFO - 매도 완료 - 사유: 시간 손절
2025-09-11 06:06:40,453 - INFO - 돌파선: 150,834,649원 (전일 고가: 149,888,993, 저가: 147,997,682)
2025-09-11 06:06:40,456 - INFO - Day 26: 2025-07-09 - 현재가: 149,407,512원
2025-09-11 06:06:40,456 - INFO - 돌파선: 149,134,877원 (전일 고가: 149,061,106, 저가: 148,913,565)
2025-09-11 06:06:40,460 - INFO - 매수 신호 발생! 현재가: 149,407,512원, 돌파선: 149,134,877원
2025-09-11 06:06:40,461 - INFO - 매수 실행 - 가격: 149,407,512원, 수량: 0.000334, 포지션 가치: 49,950원
2025-09-11 06:06:40,464 - INFO - 매수 완료 - 진입가: 149,407,512원
2025-09-11 06:06:40,465 - INFO - Day 27: 2025-07-10 - 현재가: 152,964,282원
2025-09-11 06:06:40,466 - INFO - 시간 손절 신호 발생! 보유 시간: 1 days 00:00:00
2025-09-11 06:06:40,467 - INFO - 매도 실행 - 가격: 152,964,282원, 수익률: 2.38%, 수익금: 1,189원, 사유: 시간 손절
2025-09-11 06:06:40,467 - INFO - 매도 완료 - 사유: 시간 손절
2025-09-11 06:06:40,468 - INFO - 돌파선: 149,719,933원 (전일 고가: 149,545,719, 저가: 149,197,290)
2025-09-11 06:06:40,468 - INFO - 매수 신호 발생! 현재가: 152,964,282원, 돌파선: 149,719,933원
2025-09-11 06:06:40,469 - INFO - 매수 실행 - 가격: 152,964,282원, 수량: 0.000327, 포지션 가치: 50,010원
2025-09-11 06:06:40,470 - INFO - 매수 완료 - 진입가: 152,964,282원
2025-09-11 06:06:40,471 - INFO - Day 28: 2025-07-11 - 현재가: 159,177,269원
2025-09-11 06:06:40,471 - INFO - 익절 신호 발생! 수익률: 4.06%
2025-09-11 06:06:40,472 - INFO - 매도 실행 - 가격: 159,177,269원, 수익률: 4.06%, 수익금: 2,031원, 사유: 익절
2025-09-11 06:06:40,473 - INFO - 매도 완료 - 사유: 익절
2025-09-11 06:06:40,475 - INFO - 돌파선: 157,832,559원 (전일 고가: 155,323,132, 저가: 150,304,277)
2025-09-11 06:06:40,476 - INFO - 매수 신호 발생! 현재가: 159,177,269원, 돌파선: 157,832,559원
2025-09-11 06:06:40,477 - INFO - 매수 실행 - 가격: 159,177,269원, 수량: 0.000315, 포지션 가치: 50,111원
2025-09-11 06:06:40,478 - INFO - 매수 완료 - 진입가: 159,177,269원
2025-09-11 06:06:40,481 - INFO - Day 29: 2025-07-12 - 현재가: 162,149,190원
2025-09-11 06:06:40,482 - INFO - 시간 손절 신호 발생! 보유 시간: 1 days 00:00:00
2025-09-11 06:06:40,482 - INFO - 매도 실행 - 가격: 162,149,190원, 수익률: 1.87%, 수익금: 936원, 사유: 시간 손절
2025-09-11 06:06:40,483 - INFO - 매도 완료 - 사유: 시간 손절
2025-09-11 06:06:40,483 - INFO - 돌파선: 167,254,372원 (전일 고가: 163,819,830, 저가: 156,950,744)
2025-09-11 06:06:40,485 - INFO - Day 30: 2025-07-13 - 현재가: 161,939,529원
2025-09-11 06:06:40,486 - INFO - 돌파선: 165,672,309원 (전일 고가: 163,954,564, 저가: 160,519,072)
2025-09-11 06:06:40,487 - INFO - Day 31: 2025-07-14 - 현재가: 164,283,265원
2025-09-11 06:06:40,488 - INFO - 돌파선: 162,170,695원 (전일 고가: 162,048,143, 저가: 161,803,037)
2025-09-11 06:06:40,488 - INFO - 매수 신호 발생! 현재가: 164,283,265원, 돌파선: 162,170,695원
2025-09-11 06:06:40,489 - INFO - 매수 실행 - 가격: 164,283,265원, 수량: 0.000305, 포지션 가치: 50,158원
2025-09-11 06:06:40,489 - INFO - 매수 완료 - 진입가: 164,283,265원
2025-09-11 06:06:40,492 - INFO - Day 32: 2025-07-15 - 현재가: 165,731,278원
2025-09-11 06:06:40,494 - INFO - 시간 손절 신호 발생! 보유 시간: 1 days 00:00:00
2025-09-11 06:06:40,497 - INFO - 매도 실행 - 가격: 165,731,278원, 수익률: 0.88%, 수익금: 442원, 사유: 시간 손절
2025-09-11 06:06:40,497 - INFO - 매도 완료 - 사유: 시간 손절
2025-09-11 06:06:40,498 - INFO - 돌파선: 167,364,604원 (전일 고가: 165,710,708, 저가: 162,402,915)
2025-09-11 06:06:40,499 - INFO - Day 33: 2025-07-16 - 현재가: 163,274,001원
2025-09-11 06:06:40,500 - INFO - 돌파선: 167,108,472원 (전일 고가: 166,441,739, 저가: 165,108,271)
2025-09-11 06:06:40,501 - INFO - Day 34: 2025-07-17 - 현재가: 164,575,767원
2025-09-11 06:06:40,502 - INFO - 돌파선: 165,500,010원 (전일 고가: 164,299,574, 저가: 161,898,701)
2025-09-11 06:06:40,503 - INFO - Day 35: 2025-07-18 - 현재가: 166,336,876원
2025-09-11 06:06:40,504 - INFO - 돌파선: 166,053,086원 (전일 고가: 165,383,671, 저가: 164,044,840)
2025-09-11 06:06:40,505 - INFO - 매수 신호 발생! 현재가: 166,336,876원, 돌파선: 166,053,086원
2025-09-11 06:06:40,505 - INFO - 매수 실행 - 가격: 166,336,876원, 수량: 0.000302, 포지션 가치: 50,180원
2025-09-11 06:06:40,506 - INFO - 매수 완료 - 진입가: 166,336,876원
2025-09-11 06:06:40,509 - INFO - Day 36: 2025-07-19 - 현재가: 164,146,223원
2025-09-11 06:06:40,514 - INFO - 시간 손절 신호 발생! 보유 시간: 1 days 00:00:00
2025-09-11 06:06:40,514 - INFO - 매도 실행 - 가격: 164,146,223원, 수익률: -1.32%, 수익금: -661원, 사유: 시간 손절
2025-09-11 06:06:40,515 - INFO - 매도 완료 - 사유: 시간 손절
2025-09-11 06:06:40,516 - INFO - 돌파선: 167,985,118원 (전일 고가: 167,063,122, 저가: 165,219,131)
2025-09-11 06:06:40,517 - INFO - Day 37: 2025-07-20 - 현재가: 164,024,743원
2025-09-11 06:06:40,518 - INFO - 돌파선: 166,978,698원 (전일 고가: 165,728,706, 저가: 163,228,723)
2025-09-11 06:06:40,520 - INFO - Day 38: 2025-07-21 - 현재가: 163,171,004원
2025-09-11 06:06:40,520 - INFO - 돌파선: 164,110,570원 (전일 고가: 164,069,674, 저가: 163,987,880)
2025-09-11 06:06:40,522 - INFO - Day 39: 2025-07-22 - 현재가: 162,457,142원
2025-09-11 06:06:40,522 - INFO - 돌파선: 163,845,655원 (전일 고가: 163,449,338, 저가: 162,656,703)
2025-09-11 06:06:40,526 - INFO - Day 40: 2025-07-23 - 현재가: 165,632,564원
2025-09-11 06:06:40,529 - INFO - 돌파선: 163,259,938원 (전일 고가: 162,832,692, 저가: 161,978,199)
2025-09-11 06:06:40,530 - INFO - 매수 신호 발생! 현재가: 165,632,564원, 돌파선: 163,259,938원
2025-09-11 06:06:40,531 - INFO - 매수 실행 - 가격: 165,632,564원, 수량: 0.000303, 포지션 가치: 50,147원
2025-09-11 06:06:40,531 - INFO - 매수 완료 - 진입가: 165,632,564원
2025-09-11 06:06:40,533 - INFO - Day 41: 2025-07-24 - 현재가: 163,081,736원
2025-09-11 06:06:40,533 - INFO - 시간 손절 신호 발생! 보유 시간: 1 days 00:00:00
2025-09-11 06:06:40,534 - INFO - 매도 실행 - 가격: 163,081,736원, 수익률: -1.54%, 수익금: -772원, 사유: 시간 손절
2025-09-11 06:06:40,535 - INFO - 매도 완료 - 사유: 시간 손절
2025-09-11 06:06:40,535 - INFO - 돌파선: 167,704,323원 (전일 고가: 166,665,708, 저가: 164,588,477)
2025-09-11 06:06:40,537 - INFO - Day 42: 2025-07-25 - 현재가: 162,500,639원
2025-09-11 06:06:40,538 - INFO - 돌파선: 167,018,663원 (전일 고가: 165,037,996, 저가: 161,076,662)
2025-09-11 06:06:40,539 - INFO - Day 43: 2025-07-26 - 현재가: 162,610,068원
2025-09-11 06:06:40,540 - INFO - 돌파선: 163,187,195원 (전일 고가: 162,881,373, 저가: 162,269,729)
2025-09-11 06:06:40,547 - INFO - Day 44: 2025-07-27 - 현재가: 163,213,541원
2025-09-11 06:06:40,548 - INFO - 돌파선: 162,709,727원 (전일 고가: 162,657,050, 저가: 162,551,697)
2025-09-11 06:06:40,548 - INFO - 매수 신호 발생! 현재가: 163,213,541원, 돌파선: 162,709,727원
2025-09-11 06:06:40,549 - INFO - 매수 실행 - 가격: 163,213,541원, 수량: 0.000307, 포지션 가치: 50,108원
2025-09-11 06:06:40,550 - INFO - 매수 완료 - 진입가: 163,213,541원
2025-09-11 06:06:40,551 - INFO - Day 45: 2025-07-28 - 현재가: 165,249,345원
2025-09-11 06:06:40,551 - INFO - 시간 손절 신호 발생! 보유 시간: 1 days 00:00:00
2025-09-11 06:06:40,552 - INFO - 매도 실행 - 가격: 165,249,345원, 수익률: 1.25%, 수익금: 625원, 사유: 시간 손절
2025-09-11 06:06:40,553 - INFO - 매도 완료 - 사유: 시간 손절
2025-09-11 06:06:40,554 - INFO - 돌파선: 164,047,789원 (전일 고가: 163,692,222, 저가: 162,981,088)
2025-09-11 06:06:40,554 - INFO - 매수 신호 발생! 현재가: 165,249,345원, 돌파선: 164,047,789원
2025-09-11 06:06:40,555 - INFO - 매수 실행 - 가격: 165,249,345원, 수량: 0.000303, 포지션 가치: 50,140원
2025-09-11 06:06:40,556 - INFO - 매수 완료 - 진입가: 165,249,345원
2025-09-11 06:06:40,557 - INFO - Day 46: 2025-07-29 - 현재가: 163,941,682원
2025-09-11 06:06:40,560 - INFO - 시간 손절 신호 발생! 보유 시간: 1 days 00:00:00
2025-09-11 06:06:40,563 - INFO - 매도 실행 - 가격: 163,941,682원, 수익률: -0.79%, 수익금: -397원, 사유: 시간 손절
2025-09-11 06:06:40,564 - INFO - 매도 완료 - 사유: 시간 손절
2025-09-11 06:06:40,565 - INFO - 돌파선: 167,170,335원 (전일 고가: 166,089,197, 저가: 163,926,920)
2025-09-11 06:06:40,566 - INFO - Day 47: 2025-07-30 - 현재가: 163,799,861원
2025-09-11 06:06:40,567 - INFO - 돌파선: 165,280,904원 (전일 고가: 164,666,488, 저가: 163,437,656)
2025-09-11 06:06:40,568 - INFO - Day 48: 2025-07-31 - 현재가: 164,202,978원
2025-09-11 06:06:40,568 - INFO - 돌파선: 163,972,455원 (전일 고가: 163,898,947, 저가: 163,751,930)
2025-09-11 06:06:40,569 - INFO - 매수 신호 발생! 현재가: 164,202,978원, 돌파선: 163,972,455원
2025-09-11 06:06:40,570 - INFO - 매수 실행 - 가격: 164,202,978원, 수량: 0.000305, 포지션 가치: 50,120원
2025-09-11 06:06:40,570 - INFO - 매수 완료 - 진입가: 164,202,978원
2025-09-11 06:06:40,572 - INFO - Day 49: 2025-08-01 - 현재가: 161,113,410원
2025-09-11 06:06:40,572 - INFO - 시간 손절 신호 발생! 보유 시간: 1 days 00:00:00
2025-09-11 06:06:40,573 - INFO - 매도 실행 - 가격: 161,113,410원, 수익률: -1.88%, 수익금: -943원, 사유: 시간 손절
2025-09-11 06:06:40,579 - INFO - 매도 완료 - 사유: 시간 손절
2025-09-11 06:06:40,580 - INFO - 돌파선: 164,534,279원 (전일 고가: 164,362,192, 저가: 164,018,017)
2025-09-11 06:06:40,581 - INFO - Day 50: 2025-08-02 - 현재가: 157,286,264원
2025-09-11 06:06:40,582 - INFO - 돌파선: 163,441,695원 (전일 고가: 162,152,263, 저가: 159,573,400)
2025-09-11 06:06:40,583 - INFO - Day 51: 2025-08-03 - 현재가: 156,342,136원
2025-09-11 06:06:40,583 - INFO - 돌파선: 162,461,940원 (전일 고가: 160,196,795, 저가: 155,666,504)
2025-09-11 06:06:40,585 - INFO - Day 52: 2025-08-04 - 현재가: 158,871,475원
2025-09-11 06:06:40,586 - INFO - 돌파선: 157,776,971원 (전일 고가: 157,084,768, 저가: 155,700,361)
2025-09-11 06:06:40,586 - INFO - 매수 신호 발생! 현재가: 158,871,475원, 돌파선: 157,776,971원
2025-09-11 06:06:40,587 - INFO - 매수 실행 - 가격: 158,871,475원, 수량: 0.000315, 포지션 가치: 50,073원
2025-09-11 06:06:40,588 - INFO - 매수 완료 - 진입가: 158,871,475원
2025-09-11 06:06:40,589 - INFO - Day 53: 2025-08-05 - 현재가: 159,419,873원
2025-09-11 06:06:40,592 - INFO - 시간 손절 신호 발생! 보유 시간: 1 days 00:00:00
2025-09-11 06:06:40,595 - INFO - 매도 실행 - 가격: 159,419,873원, 수익률: 0.35%, 수익금: 173원, 사유: 시간 손절
2025-09-11 06:06:40,596 - INFO - 매도 완료 - 사유: 시간 손절
2025-09-11 06:06:40,597 - INFO - 돌파선: 162,482,602원 (전일 고가: 160,791,001, 저가: 157,407,799)
2025-09-11 06:06:40,598 - INFO - Day 54: 2025-08-06 - 현재가: 158,362,155원
2025-09-11 06:06:40,598 - INFO - 돌파선: 159,841,824원 (전일 고가: 159,617,332, 저가: 159,168,347)
2025-09-11 06:06:40,600 - INFO - Day 55: 2025-08-07 - 현재가: 159,350,327원
2025-09-11 06:06:40,600 - INFO - 돌파선: 159,543,285원 (전일 고가: 158,965,789, 저가: 157,810,797)
2025-09-11 06:06:40,602 - INFO - Day 56: 2025-08-08 - 현재가: 162,802,253원
2025-09-11 06:06:40,603 - INFO - 돌파선: 160,881,968원 (전일 고가: 160,115,365, 저가: 158,582,160)
2025-09-11 06:06:40,603 - INFO - 매수 신호 발생! 현재가: 162,802,253원, 돌파선: 160,881,968원
2025-09-11 06:06:40,604 - INFO - 매수 실행 - 가격: 162,802,253원, 수량: 0.000308, 포지션 가치: 50,081원
2025-09-11 06:06:40,605 - INFO - 매수 완료 - 진입가: 162,802,253원
2025-09-11 06:06:40,606 - INFO - Day 57: 2025-08-09 - 현재가: 162,053,303원
2025-09-11 06:06:40,606 - INFO - 시간 손절 신호 발생! 보유 시간: 1 days 00:00:00
2025-09-11 06:06:40,609 - INFO - 매도 실행 - 가격: 162,053,303원, 수익률: -0.46%, 수익금: -230원, 사유: 시간 손절
2025-09-11 06:06:40,611 - INFO - 매도 완료 - 사유: 시간 손절
2025-09-11 06:06:40,613 - INFO - 돌파선: 165,945,959원 (전일 고가: 164,348,741, 저가: 161,154,304)
2025-09-11 06:06:40,614 - INFO - Day 58: 2025-08-10 - 현재가: 161,805,709원
2025-09-11 06:06:40,615 - INFO - 돌파선: 162,568,959원 (전일 고가: 162,304,747, 저가: 161,776,324)
2025-09-11 06:06:40,616 - INFO - Day 59: 2025-08-11 - 현재가: 165,639,245원
2025-09-11 06:06:40,616 - INFO - 돌파선: 162,084,279원 (전일 고가: 161,958,648, 저가: 161,707,387)
2025-09-11 06:06:40,617 - INFO - 매수 신호 발생! 현재가: 165,639,245원, 돌파선: 162,084,279원
2025-09-11 06:06:40,618 - INFO - 매수 실행 - 가격: 165,639,245원, 수량: 0.000302, 포지션 가치: 50,070원
2025-09-11 06:06:40,618 - INFO - 매수 완료 - 진입가: 165,639,245원
2025-09-11 06:06:40,619 - INFO - Day 60: 2025-08-12 - 현재가: 165,189,684원
2025-09-11 06:06:40,621 - INFO - 시간 손절 신호 발생! 보유 시간: 1 days 00:00:00
2025-09-11 06:06:40,621 - INFO - 매도 실행 - 가격: 165,189,684원, 수익률: -0.27%, 수익금: -136원, 사유: 시간 손절
2025-09-11 06:06:40,623 - INFO - 매도 완료 - 사유: 시간 손절
2025-09-11 06:06:40,623 - INFO - 돌파선: 171,297,018원 (전일 고가: 168,602,392, 저가: 163,213,141)
2025-09-11 06:06:40,631 - INFO - Day 61: 2025-08-13 - 현재가: 166,371,530원
2025-09-11 06:06:40,631 - INFO - 돌파선: 165,797,338원 (전일 고가: 165,478,159, 저가: 164,839,799)
2025-09-11 06:06:40,632 - INFO - 매수 신호 발생! 현재가: 166,371,530원, 돌파선: 165,797,338원
2025-09-11 06:06:40,633 - INFO - 매수 실행 - 가격: 166,371,530원, 수량: 0.000301, 포지션 가치: 50,063원
2025-09-11 06:06:40,633 - INFO - 매수 완료 - 진입가: 166,371,530원
2025-09-11 06:06:40,634 - INFO - Day 62: 2025-08-14 - 현재가: 170,486,823원
2025-09-11 06:06:40,635 - INFO - 시간 손절 신호 발생! 보유 시간: 1 days 00:00:00
2025-09-11 06:06:40,636 - INFO - 매도 실행 - 가격: 170,486,823원, 수익률: 2.47%, 수익금: 1,238원, 사유: 시간 손절
2025-09-11 06:06:40,638 - INFO - 매도 완료 - 사유: 시간 손절
2025-09-11 06:06:40,640 - INFO - 돌파선: 167,829,168원 (전일 고가: 167,033,768, 저가: 165,442,967)
2025-09-11 06:06:40,642 - INFO - 매수 신호 발생! 현재가: 170,486,823원, 돌파선: 167,829,168원
2025-09-11 06:06:40,644 - INFO - 매수 실행 - 가격: 170,486,823원, 수량: 0.000294, 포지션 가치: 50,125원
2025-09-11 06:06:40,647 - INFO - 매수 완료 - 진입가: 170,486,823원
2025-09-11 06:06:40,648 - INFO - Day 63: 2025-08-15 - 현재가: 164,449,999원
2025-09-11 06:06:40,648 - INFO - 손절 신호 발생! 수익률: -3.54%
2025-09-11 06:06:40,649 - INFO - 매도 실행 - 가격: 164,449,999원, 수익률: -3.54%, 수익금: -1,775원, 사유: 손절
2025-09-11 06:06:40,650 - INFO - 매도 완료 - 사유: 손절
2025-09-11 06:06:40,650 - INFO - 돌파선: 174,170,926원 (전일 고가: 171,975,503, 저가: 167,584,658)
2025-09-11 06:06:40,651 - INFO - Day 64: 2025-08-16 - 현재가: 162,981,451원
2025-09-11 06:06:40,652 - INFO - 돌파선: 170,104,058원 (전일 고가: 167,271,712, 저가: 161,607,019)
2025-09-11 06:06:40,654 - INFO - Day 65: 2025-08-17 - 현재가: 163,205,665원
2025-09-11 06:06:40,654 - INFO - 돌파선: 164,594,211원 (전일 고가: 163,818,384, 저가: 162,266,731)
2025-09-11 06:06:40,655 - INFO - Day 66: 2025-08-18 - 현재가: 163,265,006원
2025-09-11 06:06:40,656 - INFO - 돌파선: 163,467,013원 (전일 고가: 163,337,204, 저가: 163,077,585)
2025-09-11 06:06:40,657 - INFO - Day 67: 2025-08-19 - 현재가: 161,353,032원
2025-09-11 06:06:40,658 - INFO - 돌파선: 163,342,217원 (전일 고가: 163,308,584, 저가: 163,241,319)
2025-09-11 06:06:40,660 - INFO - Day 68: 2025-08-20 - 현재가: 157,025,964원
2025-09-11 06:06:40,662 - INFO - 돌파선: 164,095,564원 (전일 고가: 162,777,413, 저가: 160,141,110)
2025-09-11 06:06:40,664 - INFO - Day 69: 2025-08-21 - 현재가: 159,714,458원
2025-09-11 06:06:40,664 - INFO - 돌파선: 162,402,067원 (전일 고가: 160,048,308, 저가: 155,340,789)
2025-09-11 06:06:40,665 - INFO - Day 70: 2025-08-22 - 현재가: 157,448,729원
2025-09-11 06:06:40,666 - INFO - 돌파선: 163,102,044원 (전일 고가: 161,531,736, 저가: 158,391,120)
2025-09-11 06:06:40,667 - INFO - Day 71: 2025-08-23 - 현재가: 161,721,968원
2025-09-11 06:06:40,667 - INFO - 돌파선: 160,503,939원 (전일 고가: 158,998,181, 저가: 155,986,664)
2025-09-11 06:06:40,668 - INFO - 매수 신호 발생! 현재가: 161,721,968원, 돌파선: 160,503,939원
2025-09-11 06:06:40,669 - INFO - 매수 실행 - 가격: 161,721,968원, 수량: 0.000309, 포지션 가치: 50,036원
2025-09-11 06:06:40,669 - INFO - 매수 완료 - 진입가: 161,721,968원
2025-09-11 06:06:40,670 - INFO - Day 72: 2025-08-24 - 현재가: 159,681,289원
2025-09-11 06:06:40,671 - INFO - 시간 손절 신호 발생! 보유 시간: 1 days 00:00:00
2025-09-11 06:06:40,672 - INFO - 매도 실행 - 가격: 159,681,289원, 수익률: -1.26%, 수익금: -631원, 사유: 시간 손절
2025-09-11 06:06:40,672 - INFO - 매도 완료 - 사유: 시간 손절
2025-09-11 06:06:40,673 - INFO - 돌파선: 164,974,992원 (전일 고가: 163,370,825, 저가: 160,162,490)
2025-09-11 06:06:40,674 - INFO - Day 73: 2025-08-25 - 현재가: 156,932,627원
2025-09-11 06:06:40,676 - INFO - 돌파선: 161,849,134원 (전일 고가: 160,649,699, 저가: 158,250,827)
2025-09-11 06:06:40,677 - INFO - Day 74: 2025-08-26 - 현재가: 153,162,930원
2025-09-11 06:06:40,678 - INFO - 돌파선: 159,779,754원 (전일 고가: 158,295,304, 저가: 155,326,404)
2025-09-11 06:06:40,680 - INFO - Day 75: 2025-08-27 - 현재가: 156,014,545원
2025-09-11 06:06:40,681 - INFO - 돌파선: 156,882,613원 (전일 고가: 155,143,380, 저가: 151,664,914)
2025-09-11 06:06:40,682 - INFO - Day 76: 2025-08-28 - 현재가: 155,007,867원
2025-09-11 06:06:40,683 - INFO - 돌파선: 159,568,551원 (전일 고가: 157,777,919, 저가: 154,196,656)
2025-09-11 06:06:40,684 - INFO - Day 77: 2025-08-29 - 현재가: 155,893,734원
2025-09-11 06:06:40,684 - INFO - 돌파선: 156,083,105원 (전일 고가: 155,557,569, 저가: 154,506,498)
2025-09-11 06:06:40,685 - INFO - Day 78: 2025-08-30 - 현재가: 150,675,892원
2025-09-11 06:06:40,686 - INFO - 돌파선: 156,539,094원 (전일 고가: 156,232,365, 저가: 155,618,909)
2025-09-11 06:06:40,687 - INFO - Day 79: 2025-08-31 - 현재가: 151,094,875원
2025-09-11 06:06:40,687 - INFO - 돌파선: 156,134,313원 (전일 고가: 152,993,646, 저가: 146,712,312)
2025-09-11 06:06:40,689 - INFO - Day 80: 2025-09-01 - 현재가: 150,454,606원
2025-09-11 06:06:40,689 - INFO - 돌파선: 151,601,171원 (전일 고가: 151,376,075, 저가: 150,925,885)
2025-09-11 06:06:40,690 - INFO - Day 81: 2025-09-02 - 현재가: 152,165,848원
2025-09-11 06:06:40,691 - INFO - 돌파선: 151,317,205원 (전일 고가: 150,951,947, 저가: 150,221,431)
2025-09-11 06:06:40,693 - INFO - 매수 신호 발생! 현재가: 152,165,848원, 돌파선: 151,317,205원
2025-09-11 06:06:40,694 - INFO - 매수 실행 - 가격: 152,165,848원, 수량: 0.000329, 포지션 가치: 50,005원
2025-09-11 06:06:40,696 - INFO - 매수 완료 - 진입가: 152,165,848원
2025-09-11 06:06:40,697 - INFO - Day 82: 2025-09-03 - 현재가: 155,184,673원
2025-09-11 06:06:40,698 - INFO - 시간 손절 신호 발생! 보유 시간: 1 days 00:00:00
2025-09-11 06:06:40,698 - INFO - 매도 실행 - 가격: 155,184,673원, 수익률: 1.98%, 수익금: 992원, 사유: 시간 손절
2025-09-11 06:06:40,699 - INFO - 매도 완료 - 사유: 시간 손절
2025-09-11 06:06:40,699 - INFO - 돌파선: 154,793,914원 (전일 고가: 153,465,016, 저가: 150,807,222)
2025-09-11 06:06:40,700 - INFO - 매수 신호 발생! 현재가: 155,184,673원, 돌파선: 154,793,914원
2025-09-11 06:06:40,701 - INFO - 매수 실행 - 가격: 155,184,673원, 수량: 0.000323, 포지션 가치: 50,054원
2025-09-11 06:06:40,702 - INFO - 매수 완료 - 진입가: 155,184,673원
2025-09-11 06:06:40,703 - INFO - Day 83: 2025-09-04 - 현재가: 155,349,156원
2025-09-11 06:06:40,703 - INFO - 시간 손절 신호 발생! 보유 시간: 1 days 00:00:00
2025-09-11 06:06:40,704 - INFO - 매도 실행 - 가격: 155,349,156원, 수익률: 0.11%, 수익금: 53원, 사유: 시간 손절
2025-09-11 06:06:40,705 - INFO - 매도 완료 - 사유: 시간 손절
2025-09-11 06:06:40,705 - INFO - 돌파선: 157,814,406원 (전일 고가: 156,434,816, 저가: 153,675,635)
2025-09-11 06:06:40,706 - INFO - Day 84: 2025-09-05 - 현재가: 154,246,102원
2025-09-11 06:06:40,707 - INFO - 돌파선: 155,593,540원 (전일 고가: 155,476,023, 저가: 155,240,990)
2025-09-11 06:06:40,709 - INFO - Day 85: 2025-09-06 - 현재가: 153,424,261원
2025-09-11 06:06:40,710 - INFO - 돌파선: 155,082,263원 (전일 고가: 154,662,214, 저가: 153,822,116)
2025-09-11 06:06:40,713 - INFO - Day 86: 2025-09-07 - 현재가: 152,805,040원
2025-09-11 06:06:40,714 - INFO - 돌파선: 154,281,328원 (전일 고가: 153,889,802, 저가: 153,106,750)
2025-09-11 06:06:40,715 - INFO - Day 87: 2025-09-08 - 현재가: 154,085,160원
2025-09-11 06:06:40,715 - INFO - 돌파선: 153,316,222원 (전일 고가: 152,991,342, 저가: 152,341,583)
2025-09-11 06:06:40,716 - INFO - 매수 신호 발생! 현재가: 154,085,160원, 돌파선: 153,316,222원
2025-09-11 06:06:40,717 - INFO - 매수 실행 - 가격: 154,085,160원, 수량: 0.000325, 포지션 가치: 50,057원
2025-09-11 06:06:40,717 - INFO - 매수 완료 - 진입가: 154,085,160원
2025-09-11 06:06:40,718 - INFO - Day 88: 2025-09-09 - 현재가: 155,347,108원
2025-09-11 06:06:40,719 - INFO - 시간 손절 신호 발생! 보유 시간: 1 days 00:00:00
2025-09-11 06:06:40,720 - INFO - 매도 실행 - 가격: 155,347,108원, 수익률: 0.82%, 수익금: 410원, 사유: 시간 손절
2025-09-11 06:06:40,720 - INFO - 매도 완료 - 사유: 시간 손절
2025-09-11 06:06:40,721 - INFO - 돌파선: 156,035,573원 (전일 고가: 155,058,785, 저가: 153,105,210)
2025-09-11 06:06:40,722 - INFO - Day 89: 2025-09-10 - 현재가: 154,855,919원
2025-09-11 06:06:40,722 - INFO - 돌파선: 157,292,304원 (전일 고가: 156,345,753, 저가: 154,452,651)
2025-09-11 06:06:40,723 - INFO - Day 90: 2025-09-10 - 현재가: 157,991,691원
2025-09-11 06:06:40,725 - INFO - 돌파선: 155,416,244원 (전일 고가: 155,110,266, 저가: 154,498,309)
2025-09-11 06:06:40,726 - INFO - 매수 신호 발생! 현재가: 157,991,691원, 돌파선: 155,416,244원
2025-09-11 06:06:40,727 - INFO - 매수 실행 - 가격: 157,991,691원, 수량: 0.000317, 포지션 가치: 50,077원
2025-09-11 06:06:40,729 - INFO - 매수 완료 - 진입가: 157,991,691원
2025-09-11 06:06:40,730 - INFO - 매도 실행 - 가격: 157,991,691원, 수익률: 0.00%, 수익금: 0원, 사유: 백테스트 종료
2025-09-11 06:06:40,731 - INFO - 백테스트 종료로 인한 강제 매도
2025-09-11 06:06:40,731 - INFO - 백테스트 완료 - 총 거래 횟수: 26회
2025-09-11 06:10:33,607 - INFO - 변동성 돌파 전략 초기화 완료 - 초기 자본: 1,000,000원
2025-09-11 06:10:35,043 - ERROR - 데이터 수집 오류: 'prices'
2025-09-11 06:11:44,961 - INFO - 변동성 돌파 전략 초기화 완료 - 초기 자본: 1,000,000원
2025-09-11 06:11:46,718 - WARNING - API 요청 실패 (시도 1/3): 401 Client Error: Unauthorized for url: https://api.coingecko.com/api/v3/coins/bitcoin/market_chart?vs_currency=krw&days=7&interval=hourly
2025-09-11 06:11:50,465 - WARNING - API 요청 실패 (시도 2/3): 401 Client Error: Unauthorized for url: https://api.coingecko.com/api/v3/coins/bitcoin/market_chart?vs_currency=krw&days=7&interval=hourly
2025-09-11 06:13:13,829 - INFO - 변동성 돌파 전략 초기화 완료 - 초기 자본: 1,000,000원
2025-09-11 06:13:15,594 - INFO - 시뮬레이션 데이터를 생성합니다...
2025-09-11 06:13:15,607 - INFO - bitcoin 일별 시뮬레이션 데이터 30개 생성 완료
2025-09-11 06:13:15,609 - INFO - 데이터 기간: 2025-08-13 06:13:15.594838 ~ 2025-09-11 06:13:15.594838
2025-09-11 06:13:15,610 - INFO - 가격 범위: 124,607,516원 ~ 151,605,383원
2025-09-11 06:13:15,615 - INFO - 백테스트 시작 - 일별 돌파선 체크 방식
2025-09-11 06:13:15,617 - INFO - Day 1: 2025-08-14 - 현재가: 146,840,813원
2025-09-11 06:13:15,618 - INFO - 돌파선: 154,643,396원 (전일 고가: 152,447,171, 저가: 148,054,720)
2025-09-11 06:13:15,622 - INFO - Day 2: 2025-08-15 - 현재가: 147,777,370원
2025-09-11 06:13:15,623 - INFO - 돌파선: 150,010,849원 (전일 고가: 148,242,938, 저가: 144,707,115)
2025-09-11 06:13:15,626 - INFO - Day 3: 2025-08-16 - 현재가: 148,602,090원
2025-09-11 06:13:15,627 - INFO - 돌파선: 148,983,002원 (전일 고가: 148,372,353, 저가: 147,151,055)
2025-09-11 06:13:15,628 - INFO - Day 4: 2025-08-17 - 현재가: 151,605,383원
2025-09-11 06:13:15,629 - INFO - 돌파선: 149,453,473원 (전일 고가: 148,980,141, 저가: 148,033,477)
2025-09-11 06:13:15,630 - INFO - 매수 신호 발생! 현재가: 151,605,383원, 돌파선: 149,453,473원
2025-09-11 06:13:15,630 - INFO - 매수 실행 - 가격: 151,605,383원, 수량: 0.000330, 포지션 가치: 50,000원
2025-09-11 06:13:15,631 - INFO - 매수 완료 - 진입가: 151,605,383원
2025-09-11 06:13:15,632 - INFO - Day 5: 2025-08-18 - 현재가: 149,844,098원
2025-09-11 06:13:15,633 - INFO - Day 6: 2025-08-19 - 현재가: 148,270,226원
2025-09-11 06:13:15,633 - INFO - 손절 신호 발생! 수익률: -2.20%
2025-09-11 06:13:15,634 - INFO - 매도 실행 - 가격: 148,270,226원, 수익률: -2.20%, 수익금: -1,100원, 사유: 손절
2025-09-11 06:13:15,635 - INFO - 매도 완료 - 사유: 손절
2025-09-11 06:13:15,636 - INFO - 돌파선: 151,758,393원 (전일 고가: 150,842,208, 저가: 149,009,839)
2025-09-11 06:13:15,638 - INFO - Day 7: 2025-08-20 - 현재가: 146,575,853원
2025-09-11 06:13:15,639 - INFO - 돌파선: 149,465,654원 (전일 고가: 148,881,369, 저가: 147,712,800)
2025-09-11 06:13:15,642 - INFO - Day 8: 2025-08-21 - 현재가: 143,866,889원
2025-09-11 06:13:15,642 - INFO - 돌파선: 149,160,335원 (전일 고가: 147,890,389, 저가: 145,350,496)
2025-09-11 06:13:15,644 - INFO - Day 9: 2025-08-22 - 현재가: 136,349,703원
2025-09-11 06:13:15,644 - INFO - 돌파선: 147,422,299원 (전일 고가: 145,695,058, 저가: 142,240,576)
2025-09-11 06:13:15,646 - INFO - Day 10: 2025-08-23 - 현재가: 138,941,355원
2025-09-11 06:13:15,647 - INFO - 돌파선: 146,233,738원 (전일 고가: 141,833,710, 저가: 133,033,655)
2025-09-11 06:13:15,648 - INFO - Day 11: 2025-08-24 - 현재가: 141,210,115원
2025-09-11 06:13:15,649 - INFO - 돌파선: 142,340,237원 (전일 고가: 140,915,210, 저가: 138,065,155)
2025-09-11 06:13:15,650 - INFO - Day 12: 2025-08-25 - 현재가: 136,906,381원
2025-09-11 06:13:15,651 - INFO - 돌파선: 143,806,846원 (전일 고가: 142,591,177, 저가: 140,159,840)
2025-09-11 06:13:15,653 - INFO - Day 13: 2025-08-26 - 현재가: 135,734,336원
2025-09-11 06:13:15,653 - INFO - 돌파선: 142,634,070원 (전일 고가: 140,081,442, 저가: 134,976,186)
2025-09-11 06:13:15,654 - INFO - Day 14: 2025-08-27 - 현재가: 133,718,934원
2025-09-11 06:13:15,655 - INFO - 돌파선: 136,720,617원 (전일 고가: 136,134,354, 저가: 134,961,827)
2025-09-11 06:13:15,656 - INFO - Day 15: 2025-08-28 - 현재가: 131,837,926원
2025-09-11 06:13:15,657 - INFO - 돌파선: 135,518,524원 (전일 고가: 134,509,137, 저가: 132,490,363)
2025-09-11 06:13:15,660 - INFO - Day 16: 2025-08-29 - 현재가: 126,196,263원
2025-09-11 06:13:15,661 - INFO - 돌파선: 133,424,907원 (전일 고가: 132,436,229, 저가: 130,458,873)
2025-09-11 06:13:15,663 - INFO - Day 17: 2025-08-30 - 현재가: 124,607,516원
2025-09-11 06:13:15,663 - INFO - 돌파선: 131,391,575원 (전일 고가: 128,694,767, 저가: 123,301,153)
2025-09-11 06:13:15,665 - INFO - Day 18: 2025-08-31 - 현재가: 126,097,125원
2025-09-11 06:13:15,665 - INFO - 돌파선: 126,052,969원 (전일 고가: 125,383,007, 저가: 124,043,085)
2025-09-11 06:13:15,666 - INFO - 매수 신호 발생! 현재가: 126,097,125원, 돌파선: 126,052,969원
2025-09-11 06:13:15,667 - INFO - 매수 실행 - 가격: 126,097,125원, 수량: 0.000396, 포지션 가치: 49,945원
2025-09-11 06:13:15,667 - INFO - 매수 완료 - 진입가: 126,097,125원
2025-09-11 06:13:15,669 - INFO - Day 19: 2025-09-01 - 현재가: 132,552,006원
2025-09-11 06:13:15,669 - INFO - 익절 신호 발생! 수익률: 5.12%
2025-09-11 06:13:15,670 - INFO - 매도 실행 - 가격: 132,552,006원, 수익률: 5.12%, 수익금: 2,557원, 사유: 익절
2025-09-11 06:13:15,670 - INFO - 매도 완료 - 사유: 익절
2025-09-11 06:13:15,671 - INFO - 돌파선: 127,577,141원 (전일 고가: 126,753,868, 저가: 125,107,321)
2025-09-11 06:13:15,671 - INFO - 매수 신호 발생! 현재가: 132,552,006원, 돌파선: 127,577,141원
2025-09-11 06:13:15,672 - INFO - 매수 실행 - 가격: 132,552,006원, 수량: 0.000378, 포지션 가치: 50,073원
2025-09-11 06:13:15,673 - INFO - 매수 완료 - 진입가: 132,552,006원
2025-09-11 06:13:15,674 - INFO - Day 20: 2025-09-02 - 현재가: 133,597,134원
2025-09-11 06:13:15,675 - INFO - Day 21: 2025-09-03 - 현재가: 133,923,697원
2025-09-11 06:13:15,676 - INFO - 시간 손절 신호 발생! 보유 시간: 2 days 00:00:00
2025-09-11 06:13:15,677 - INFO - 매도 실행 - 가격: 133,923,697원, 수익률: 1.03%, 수익금: 518원, 사유: 시간 손절
2025-09-11 06:13:15,678 - INFO - 매도 완료 - 사유: 시간 손절
2025-09-11 06:13:15,679 - INFO - 돌파선: 134,658,807원 (전일 고가: 134,101,041, 저가: 132,985,508)
2025-09-11 06:13:15,680 - INFO - Day 22: 2025-09-04 - 현재가: 132,543,116원
2025-09-11 06:13:15,681 - INFO - 돌파선: 134,252,184원 (전일 고가: 134,067,888, 저가: 133,699,296)
2025-09-11 06:13:15,682 - INFO - Day 23: 2025-09-05 - 현재가: 130,951,925원
2025-09-11 06:13:15,683 - INFO - 돌파선: 134,087,733원 (전일 고가: 133,323,776, 저가: 131,795,862)
2025-09-11 06:13:15,684 - INFO - Day 24: 2025-09-06 - 현재가: 133,433,307원
2025-09-11 06:13:15,685 - INFO - 돌파선: 132,266,782원 (전일 고가: 131,534,324, 저가: 130,069,408)
2025-09-11 06:13:15,685 - INFO - 매수 신호 발생! 현재가: 133,433,307원, 돌파선: 132,266,782원
2025-09-11 06:13:15,686 - INFO - 매수 실행 - 가격: 133,433,307원, 수량: 0.000375, 포지션 가치: 50,099원
2025-09-11 06:13:15,687 - INFO - 매수 완료 - 진입가: 133,433,307원
2025-09-11 06:13:15,688 - INFO - Day 25: 2025-09-07 - 현재가: 134,209,979원
2025-09-11 06:13:15,689 - INFO - Day 26: 2025-09-08 - 현재가: 132,504,010원
2025-09-11 06:13:15,689 - INFO - 시간 손절 신호 발생! 보유 시간: 2 days 00:00:00
2025-09-11 06:13:15,690 - INFO - 매도 실행 - 가격: 132,504,010원, 수익률: -0.70%, 수익금: -349원, 사유: 시간 손절
2025-09-11 06:13:15,690 - INFO - 매도 완료 - 사유: 시간 손절
2025-09-11 06:13:15,691 - INFO - 돌파선: 134,727,338원 (전일 고가: 134,473,456, 저가: 133,965,693)
2025-09-11 06:13:15,693 - INFO - Day 27: 2025-09-09 - 현재가: 129,796,815원
2025-09-11 06:13:15,694 - INFO - 돌파선: 134,806,659원 (전일 고가: 133,840,394, 저가: 131,907,865)
2025-09-11 06:13:15,696 - INFO - Day 28: 2025-09-10 - 현재가: 129,376,908원
2025-09-11 06:13:15,697 - INFO - 돌파선: 132,944,710원 (전일 고가: 131,616,332, 저가: 128,959,576)
2025-09-11 06:13:15,698 - INFO - Day 29: 2025-09-11 - 현재가: 127,996,071원
2025-09-11 06:13:15,699 - INFO - 돌파선: 129,757,008원 (전일 고가: 129,544,059, 저가: 129,118,159)
2025-09-11 06:13:15,700 - INFO - 백테스트 완료 - 총 거래 횟수: 4회
2025-09-11 06:15:08,917 - INFO - 변동성 돌파 전략 초기화 완료 - 초기 자본: 1,000,000원
2025-09-11 06:15:10,407 - INFO - 시뮬레이션 데이터를 생성합니다...
2025-09-11 06:15:10,420 - INFO - bitcoin 일별 시뮬레이션 데이터 30개 생성 완료
2025-09-11 06:15:10,422 - INFO - 데이터 기간: 2025-08-13 06:15:10.407998 ~ 2025-09-11 06:15:10.407998
2025-09-11 06:15:10,422 - INFO - 가격 범위: 124,581,900원 ~ 151,574,218원
2025-09-11 06:15:10,427 - INFO - 백테스트 시작 - 일별 돌파선 체크 방식
2025-09-11 06:15:10,428 - INFO - Day 1: 2025-08-14 - 현재가: 146,810,627원
2025-09-11 06:15:10,428 - INFO - 돌파선: 154,611,606원 (전일 고가: 152,415,832, 저가: 148,024,284)
2025-09-11 06:15:10,429 - INFO - Day 2: 2025-08-15 - 현재가: 147,746,991원
2025-09-11 06:15:10,430 - INFO - 돌파선: 149,980,011원 (전일 고가: 148,212,463, 저가: 144,677,367)
2025-09-11 06:15:10,431 - INFO - Day 3: 2025-08-16 - 현재가: 148,571,541원
2025-09-11 06:15:10,431 - INFO - 돌파선: 148,952,375원 (전일 고가: 148,341,852, 저가: 147,120,805)
2025-09-11 06:15:10,432 - INFO - Day 4: 2025-08-17 - 현재가: 151,574,218원
2025-09-11 06:15:10,433 - INFO - 돌파선: 149,422,750원 (전일 고가: 148,949,515, 저가: 148,003,046)
2025-09-11 06:15:10,433 - INFO - 매수 신호 발생! 현재가: 151,574,218원, 돌파선: 149,422,750원
2025-09-11 06:15:10,434 - INFO - 매수 실행 - 가격: 151,574,218원, 수량: 0.000330, 포지션 가치: 50,000원
2025-09-11 06:15:10,434 - INFO - 매수 완료 - 진입가: 151,574,218원
2025-09-11 06:15:10,436 - INFO - Day 5: 2025-08-18 - 현재가: 149,813,295원
2025-09-11 06:15:10,437 - INFO - Day 6: 2025-08-19 - 현재가: 148,239,746원
2025-09-11 06:15:10,437 - INFO - 손절 신호 발생! 수익률: -2.20%
2025-09-11 06:15:10,438 - INFO - 매도 실행 - 가격: 148,239,746원, 수익률: -2.20%, 수익금: -1,100원, 사유: 손절
2025-09-11 06:15:10,438 - INFO - 매도 완료 - 사유: 손절
2025-09-11 06:15:10,439 - INFO - 돌파선: 151,727,196원 (전일 고가: 150,811,199, 저가: 148,979,207)
2025-09-11 06:15:10,440 - INFO - Day 7: 2025-08-20 - 현재가: 146,545,721원
2025-09-11 06:15:10,441 - INFO - 돌파선: 149,434,928원 (전일 고가: 148,850,764, 저가: 147,682,435)
2025-09-11 06:15:10,442 - INFO - Day 8: 2025-08-21 - 현재가: 143,837,314원
2025-09-11 06:15:10,442 - INFO - 돌파선: 149,129,672원 (전일 고가: 147,859,987, 저가: 145,320,616)
2025-09-11 06:15:10,444 - INFO - Day 9: 2025-08-22 - 현재가: 136,321,673원
2025-09-11 06:15:10,445 - INFO - 돌파선: 147,391,993원 (전일 고가: 145,665,107, 저가: 142,211,335)
2025-09-11 06:15:10,447 - INFO - Day 10: 2025-08-23 - 현재가: 138,912,793원
2025-09-11 06:15:10,447 - INFO - 돌파선: 146,203,676원 (전일 고가: 141,804,553, 저가: 133,006,307)
2025-09-11 06:15:10,449 - INFO - Day 11: 2025-08-24 - 현재가: 141,181,086원
2025-09-11 06:15:10,450 - INFO - 돌파선: 142,310,976원 (전일 고가: 140,886,241, 저가: 138,036,773)
2025-09-11 06:15:10,452 - INFO - Day 12: 2025-08-25 - 현재가: 136,878,237원
2025-09-11 06:15:10,454 - INFO - 돌파선: 143,777,283원 (전일 고가: 142,561,865, 저가: 140,131,028)
2025-09-11 06:15:10,455 - INFO - Day 13: 2025-08-26 - 현재가: 135,706,433원
2025-09-11 06:15:10,455 - INFO - 돌파선: 142,604,748원 (전일 고가: 140,052,645, 저가: 134,948,439)
2025-09-11 06:15:10,457 - INFO - Day 14: 2025-08-27 - 현재가: 133,691,445원
2025-09-11 06:15:10,459 - INFO - 돌파선: 136,692,511원 (전일 고가: 136,106,369, 저가: 134,934,083)
2025-09-11 06:15:10,460 - INFO - Day 15: 2025-08-28 - 현재가: 131,810,824원
2025-09-11 06:15:10,461 - INFO - 돌파선: 135,490,665원 (전일 고가: 134,481,486, 저가: 132,463,127)
2025-09-11 06:15:10,463 - INFO - Day 16: 2025-08-29 - 현재가: 126,170,321원
2025-09-11 06:15:10,464 - INFO - 돌파선: 133,397,478원 (전일 고가: 132,409,004, 저가: 130,432,054)
2025-09-11 06:15:10,465 - INFO - Day 17: 2025-08-30 - 현재가: 124,581,900원
2025-09-11 06:15:10,466 - INFO - 돌파선: 131,364,564원 (전일 고가: 128,668,311, 저가: 123,275,806)
2025-09-11 06:15:10,468 - INFO - Day 18: 2025-08-31 - 현재가: 126,071,203원
2025-09-11 06:15:10,469 - INFO - 돌파선: 126,027,056원 (전일 고가: 125,357,232, 저가: 124,017,585)
2025-09-11 06:15:10,470 - INFO - 매수 신호 발생! 현재가: 126,071,203원, 돌파선: 126,027,056원
2025-09-11 06:15:10,470 - INFO - 매수 실행 - 가격: 126,071,203원, 수량: 0.000396, 포지션 가치: 49,945원
2025-09-11 06:15:10,471 - INFO - 매수 완료 - 진입가: 126,071,203원
2025-09-11 06:15:10,472 - INFO - Day 19: 2025-09-01 - 현재가: 132,524,757원
2025-09-11 06:15:10,473 - INFO - 익절 신호 발생! 수익률: 5.12%
2025-09-11 06:15:10,474 - INFO - 매도 실행 - 가격: 132,524,757원, 수익률: 5.12%, 수익금: 2,557원, 사유: 익절
2025-09-11 06:15:10,475 - INFO - 매도 완료 - 사유: 익절
2025-09-11 06:15:10,476 - INFO - 돌파선: 127,550,915원 (전일 고가: 126,727,811, 저가: 125,081,603)
2025-09-11 06:15:10,476 - INFO - 매수 신호 발생! 현재가: 132,524,757원, 돌파선: 127,550,915원
2025-09-11 06:15:10,477 - INFO - 매수 실행 - 가격: 132,524,757원, 수량: 0.000378, 포지션 가치: 50,073원
2025-09-11 06:15:10,477 - INFO - 매수 완료 - 진입가: 132,524,757원
2025-09-11 06:15:10,479 - INFO - Day 20: 2025-09-02 - 현재가: 133,569,670원
2025-09-11 06:15:10,480 - INFO - Day 21: 2025-09-03 - 현재가: 133,896,166원
2025-09-11 06:15:10,480 - INFO - 시간 손절 신호 발생! 보유 시간: 2 days 00:00:00
2025-09-11 06:15:10,481 - INFO - 매도 실행 - 가격: 133,896,166원, 수익률: 1.03%, 수익금: 518원, 사유: 시간 손절
2025-09-11 06:15:10,481 - INFO - 매도 완료 - 사유: 시간 손절
2025-09-11 06:15:10,482 - INFO - 돌파선: 134,631,125원 (전일 고가: 134,073,473, 저가: 132,958,170)
2025-09-11 06:15:10,484 - INFO - Day 22: 2025-09-04 - 현재가: 132,515,869원
2025-09-11 06:15:10,484 - INFO - 돌파선: 134,224,586원 (전일 고가: 134,040,328, 저가: 133,671,811)
2025-09-11 06:15:10,485 - INFO - Day 23: 2025-09-05 - 현재가: 130,925,005원
2025-09-11 06:15:10,486 - INFO - 돌파선: 134,060,169원 (전일 고가: 133,296,369, 저가: 131,768,769)
2025-09-11 06:15:10,488 - INFO - Day 24: 2025-09-06 - 현재가: 133,405,877원
2025-09-11 06:15:10,488 - INFO - 돌파선: 132,239,592원 (전일 고가: 131,507,285, 저가: 130,042,669)
2025-09-11 06:15:10,489 - INFO - 매수 신호 발생! 현재가: 133,405,877원, 돌파선: 132,239,592원
2025-09-11 06:15:10,490 - INFO - 매수 실행 - 가격: 133,405,877원, 수량: 0.000376, 포지션 가치: 50,099원
2025-09-11 06:15:10,491 - INFO - 매수 완료 - 진입가: 133,405,877원
2025-09-11 06:15:10,492 - INFO - Day 25: 2025-09-07 - 현재가: 134,182,389원
2025-09-11 06:15:10,494 - INFO - Day 26: 2025-09-08 - 현재가: 132,476,771원
2025-09-11 06:15:10,494 - INFO - 시간 손절 신호 발생! 보유 시간: 2 days 00:00:00
2025-09-11 06:15:10,495 - INFO - 매도 실행 - 가격: 132,476,771원, 수익률: -0.70%, 수익금: -349원, 사유: 시간 손절
2025-09-11 06:15:10,495 - INFO - 매도 완료 - 사유: 시간 손절
2025-09-11 06:15:10,496 - INFO - 돌파선: 134,699,642원 (전일 고가: 134,445,813, 저가: 133,938,153)
2025-09-11 06:15:10,497 - INFO - Day 27: 2025-09-09 - 현재가: 129,770,132원
2025-09-11 06:15:10,498 - INFO - 돌파선: 134,778,947원 (전일 고가: 133,812,881, 저가: 131,880,748)
2025-09-11 06:15:10,499 - INFO - Day 28: 2025-09-10 - 현재가: 129,350,312원
2025-09-11 06:15:10,499 - INFO - 돌파선: 132,917,380원 (전일 고가: 131,589,275, 저가: 128,933,066)
2025-09-11 06:15:10,501 - INFO - Day 29: 2025-09-11 - 현재가: 127,969,759원
2025-09-11 06:15:10,502 - INFO - 돌파선: 129,730,334원 (전일 고가: 129,517,428, 저가: 129,091,616)
2025-09-11 06:15:10,503 - INFO - 백테스트 완료 - 총 거래 횟수: 4회
