2025-09-23 07:12:51,760 - src.telegram_bot.core.bot_initializer - INFO - {"timestamp": "2025-09-23T07:12:51.760459", "level": "INFO", "message": "설정 파일 로드 완료", "logger": "src.telegram_bot.core.bot_initializer"}
2025-09-23 07:12:51,761 - src.telegram_bot.core.bot_initializer - INFO - {"timestamp": "2025-09-23T07:12:51.761080", "level": "INFO", "message": "로깅 시스템 설정 완료", "logger": "src.telegram_bot.core.bot_initializer"}
2025-09-23 07:12:51,761 - src.telegram_bot.core.bot_initializer - ERROR - {"timestamp": "2025-09-23T07:12:51.761660", "level": "ERROR", "message": "애플리케이션 생성 오류: 'ApplicationBuilder' object has no attribute 'username'", "logger": "src.telegram_bot.core.bot_initializer"}
2025-09-23 07:12:51,762 - src.telegram_bot.core.bot_initializer - ERROR - {"timestamp": "2025-09-23T07:12:51.762444", "level": "ERROR", "message": "봇 초기화 오류: 'ApplicationBuilder' object has no attribute 'username'", "logger": "src.telegram_bot.core.bot_initializer"}
2025-09-23 07:12:51,762 - __main__ - ERROR - {"timestamp": "2025-09-23T07:12:51.762852", "level": "ERROR", "message": "애플리케이션 초기화 오류: 'ApplicationBuilder' object has no attribute 'username'", "logger": "__main__"}
2025-09-23 07:12:51,763 - __main__ - ERROR - {"timestamp": "2025-09-23T07:12:51.763274", "level": "ERROR", "message": "애플리케이션 시작 오류: 'ApplicationBuilder' object has no attribute 'username'", "logger": "__main__"}
2025-09-23 07:12:51,763 - __main__ - INFO - {"timestamp": "2025-09-23T07:12:51.763813", "level": "INFO", "message": "텔레그램 봇 중지 중...", "logger": "__main__"}
2025-09-23 07:12:51,764 - __main__ - INFO - {"timestamp": "2025-09-23T07:12:51.764170", "level": "INFO", "message": "텔레그램 봇 중지 완료", "logger": "__main__"}
2025-09-23 07:13:04,865 - src.telegram_bot.core.bot_initializer - INFO - {"timestamp": "2025-09-23T07:13:04.865682", "level": "INFO", "message": "설정 파일 로드 완료", "logger": "src.telegram_bot.core.bot_initializer"}
2025-09-23 07:13:04,866 - src.telegram_bot.core.bot_initializer - INFO - {"timestamp": "2025-09-23T07:13:04.866531", "level": "INFO", "message": "로깅 시스템 설정 완료", "logger": "src.telegram_bot.core.bot_initializer"}
2025-09-23 07:13:04,867 - src.telegram_bot.core.bot_initializer - ERROR - {"timestamp": "2025-09-23T07:13:04.867782", "level": "ERROR", "message": "애플리케이션 생성 오류: 'ApplicationBuilder' object has no attribute 'username'", "logger": "src.telegram_bot.core.bot_initializer"}
2025-09-23 07:13:04,870 - src.telegram_bot.core.bot_initializer - ERROR - {"timestamp": "2025-09-23T07:13:04.869919", "level": "ERROR", "message": "봇 초기화 오류: 'ApplicationBuilder' object has no attribute 'username'", "logger": "src.telegram_bot.core.bot_initializer"}
2025-09-23 07:13:04,872 - __main__ - ERROR - {"timestamp": "2025-09-23T07:13:04.872512", "level": "ERROR", "message": "애플리케이션 초기화 오류: 'ApplicationBuilder' object has no attribute 'username'", "logger": "__main__"}
2025-09-23 07:13:04,873 - __main__ - ERROR - {"timestamp": "2025-09-23T07:13:04.873697", "level": "ERROR", "message": "애플리케이션 시작 오류: 'ApplicationBuilder' object has no attribute 'username'", "logger": "__main__"}
2025-09-23 07:13:04,890 - __main__ - INFO - {"timestamp": "2025-09-23T07:13:04.890208", "level": "INFO", "message": "텔레그램 봇 중지 중...", "logger": "__main__"}
2025-09-23 07:13:04,895 - __main__ - INFO - {"timestamp": "2025-09-23T07:13:04.895783", "level": "INFO", "message": "텔레그램 봇 중지 완료", "logger": "__main__"}
2025-09-23 07:14:24,172 - src.telegram_bot.core.bot_initializer - INFO - {"timestamp": "2025-09-23T07:14:24.172278", "level": "INFO", "message": "설정 파일 로드 완료", "logger": "src.telegram_bot.core.bot_initializer"}
2025-09-23 07:14:24,173 - src.telegram_bot.core.bot_initializer - INFO - {"timestamp": "2025-09-23T07:14:24.173450", "level": "INFO", "message": "로깅 시스템 설정 완료", "logger": "src.telegram_bot.core.bot_initializer"}
2025-09-23 07:14:24,174 - src.telegram_bot.core.bot_initializer - ERROR - {"timestamp": "2025-09-23T07:14:24.174678", "level": "ERROR", "message": "애플리케이션 생성 오류: 'ApplicationBuilder' object has no attribute 'username'", "logger": "src.telegram_bot.core.bot_initializer"}
2025-09-23 07:14:24,179 - src.telegram_bot.core.bot_initializer - ERROR - {"timestamp": "2025-09-23T07:14:24.179635", "level": "ERROR", "message": "봇 초기화 오류: 'ApplicationBuilder' object has no attribute 'username'", "logger": "src.telegram_bot.core.bot_initializer"}
2025-09-23 07:14:24,180 - __main__ - ERROR - {"timestamp": "2025-09-23T07:14:24.180536", "level": "ERROR", "message": "애플리케이션 초기화 오류: 'ApplicationBuilder' object has no attribute 'username'", "logger": "__main__"}
2025-09-23 07:14:24,182 - __main__ - ERROR - {"timestamp": "2025-09-23T07:14:24.181970", "level": "ERROR", "message": "애플리케이션 시작 오류: 'ApplicationBuilder' object has no attribute 'username'", "logger": "__main__"}
2025-09-23 07:14:24,184 - __main__ - INFO - {"timestamp": "2025-09-23T07:14:24.184498", "level": "INFO", "message": "텔레그램 봇 중지 중...", "logger": "__main__"}
2025-09-23 07:14:24,186 - __main__ - INFO - {"timestamp": "2025-09-23T07:14:24.186220", "level": "INFO", "message": "텔레그램 봇 중지 완료", "logger": "__main__"}
2025-09-23 07:17:51,274 - src.telegram_bot.core.bot_initializer - INFO - {"timestamp": "2025-09-23T07:17:51.274761", "level": "INFO", "message": "설정 파일 로드 완료", "logger": "src.telegram_bot.core.bot_initializer"}
2025-09-23 07:17:51,276 - src.telegram_bot.core.bot_initializer - INFO - {"timestamp": "2025-09-23T07:17:51.276161", "level": "INFO", "message": "로깅 시스템 설정 완료", "logger": "src.telegram_bot.core.bot_initializer"}
2025-09-23 07:17:51,277 - src.telegram_bot.core.bot_initializer - ERROR - {"timestamp": "2025-09-23T07:17:51.277652", "level": "ERROR", "message": "애플리케이션 생성 오류: 'ApplicationBuilder' object has no attribute 'username'", "logger": "src.telegram_bot.core.bot_initializer"}
2025-09-23 07:17:51,279 - src.telegram_bot.core.bot_initializer - ERROR - {"timestamp": "2025-09-23T07:17:51.278924", "level": "ERROR", "message": "봇 초기화 오류: 'ApplicationBuilder' object has no attribute 'username'", "logger": "src.telegram_bot.core.bot_initializer"}
2025-09-23 07:17:51,280 - __main__ - ERROR - {"timestamp": "2025-09-23T07:17:51.280198", "level": "ERROR", "message": "애플리케이션 초기화 오류: 'ApplicationBuilder' object has no attribute 'username'", "logger": "__main__"}
2025-09-23 07:17:51,283 - __main__ - ERROR - {"timestamp": "2025-09-23T07:17:51.283229", "level": "ERROR", "message": "애플리케이션 시작 오류: 'ApplicationBuilder' object has no attribute 'username'", "logger": "__main__"}
2025-09-23 07:17:51,285 - __main__ - INFO - {"timestamp": "2025-09-23T07:17:51.285090", "level": "INFO", "message": "텔레그램 봇 중지 중...", "logger": "__main__"}
2025-09-23 07:17:51,288 - __main__ - INFO - {"timestamp": "2025-09-23T07:17:51.288445", "level": "INFO", "message": "텔레그램 봇 중지 완료", "logger": "__main__"}
2025-09-23 07:18:29,802 - src.telegram_bot.core.bot_initializer - INFO - {"timestamp": "2025-09-23T07:18:29.799874", "level": "INFO", "message": "설정 파일 로드 완료", "logger": "src.telegram_bot.core.bot_initializer"}
2025-09-23 07:18:29,804 - src.telegram_bot.core.bot_initializer - INFO - {"timestamp": "2025-09-23T07:18:29.804768", "level": "INFO", "message": "로깅 시스템 설정 완료", "logger": "src.telegram_bot.core.bot_initializer"}
2025-09-23 07:18:29,805 - src.telegram_bot.core.bot_initializer - ERROR - {"timestamp": "2025-09-23T07:18:29.805522", "level": "ERROR", "message": "애플리케이션 생성 오류: 'ApplicationBuilder' object has no attribute 'username'", "logger": "src.telegram_bot.core.bot_initializer"}
2025-09-23 07:18:29,806 - src.telegram_bot.core.bot_initializer - ERROR - {"timestamp": "2025-09-23T07:18:29.805998", "level": "ERROR", "message": "봇 초기화 오류: 'ApplicationBuilder' object has no attribute 'username'", "logger": "src.telegram_bot.core.bot_initializer"}
2025-09-23 07:18:29,806 - __main__ - ERROR - {"timestamp": "2025-09-23T07:18:29.806521", "level": "ERROR", "message": "애플리케이션 초기화 오류: 'ApplicationBuilder' object has no attribute 'username'", "logger": "__main__"}
2025-09-23 07:18:29,807 - __main__ - ERROR - {"timestamp": "2025-09-23T07:18:29.807035", "level": "ERROR", "message": "애플리케이션 시작 오류: 'ApplicationBuilder' object has no attribute 'username'", "logger": "__main__"}
2025-09-23 07:18:29,808 - __main__ - INFO - {"timestamp": "2025-09-23T07:18:29.808276", "level": "INFO", "message": "텔레그램 봇 중지 중...", "logger": "__main__"}
2025-09-23 07:18:29,808 - __main__ - INFO - {"timestamp": "2025-09-23T07:18:29.808912", "level": "INFO", "message": "텔레그램 봇 중지 완료", "logger": "__main__"}
2025-09-23 07:19:31,310 - src.telegram_bot.core.bot_initializer - INFO - {"timestamp": "2025-09-23T07:19:31.309920", "level": "INFO", "message": "설정 파일 로드 완료", "logger": "src.telegram_bot.core.bot_initializer"}
2025-09-23 07:19:31,324 - src.telegram_bot.core.bot_initializer - INFO - {"timestamp": "2025-09-23T07:19:31.324229", "level": "INFO", "message": "로깅 시스템 설정 완료", "logger": "src.telegram_bot.core.bot_initializer"}
2025-09-23 07:19:33,767 - src.telegram_bot.core.bot_initializer - ERROR - {"timestamp": "2025-09-23T07:19:33.767380", "level": "ERROR", "message": "애플리케이션 생성 오류: 'Updater' object has no attribute '_Updater__polling_cleanup_cb' and no __dict__ for setting new attributes", "logger": "src.telegram_bot.core.bot_initializer"}
2025-09-23 07:19:33,768 - src.telegram_bot.core.bot_initializer - ERROR - {"timestamp": "2025-09-23T07:19:33.768335", "level": "ERROR", "message": "봇 초기화 오류: 'Updater' object has no attribute '_Updater__polling_cleanup_cb' and no __dict__ for setting new attributes", "logger": "src.telegram_bot.core.bot_initializer"}
2025-09-23 07:19:33,769 - __main__ - ERROR - {"timestamp": "2025-09-23T07:19:33.769082", "level": "ERROR", "message": "애플리케이션 초기화 오류: 'Updater' object has no attribute '_Updater__polling_cleanup_cb' and no __dict__ for setting new attributes", "logger": "__main__"}
2025-09-23 07:19:33,769 - __main__ - ERROR - {"timestamp": "2025-09-23T07:19:33.769812", "level": "ERROR", "message": "애플리케이션 시작 오류: 'Updater' object has no attribute '_Updater__polling_cleanup_cb' and no __dict__ for setting new attributes", "logger": "__main__"}
2025-09-23 07:19:33,770 - __main__ - INFO - {"timestamp": "2025-09-23T07:19:33.770770", "level": "INFO", "message": "텔레그램 봇 중지 중...", "logger": "__main__"}
2025-09-23 07:19:33,771 - __main__ - INFO - {"timestamp": "2025-09-23T07:19:33.771227", "level": "INFO", "message": "텔레그램 봇 중지 완료", "logger": "__main__"}
2025-09-23 07:20:26,519 - src.telegram_bot.core.bot_initializer - INFO - {"timestamp": "2025-09-23T07:20:26.519221", "level": "INFO", "message": "설정 파일 로드 완료", "logger": "src.telegram_bot.core.bot_initializer"}
2025-09-23 07:20:26,603 - src.telegram_bot.core.bot_initializer - INFO - {"timestamp": "2025-09-23T07:20:26.603365", "level": "INFO", "message": "로깅 시스템 설정 완료", "logger": "src.telegram_bot.core.bot_initializer"}
2025-09-23 07:20:28,899 - src.telegram_bot.core.bot_initializer - ERROR - {"timestamp": "2025-09-23T07:20:28.899613", "level": "ERROR", "message": "애플리케이션 생성 오류: 'Updater' object has no attribute '_Updater__polling_cleanup_cb' and no __dict__ for setting new attributes", "logger": "src.telegram_bot.core.bot_initializer"}
2025-09-23 07:20:28,902 - src.telegram_bot.core.bot_initializer - ERROR - {"timestamp": "2025-09-23T07:20:28.902060", "level": "ERROR", "message": "봇 초기화 오류: 'Updater' object has no attribute '_Updater__polling_cleanup_cb' and no __dict__ for setting new attributes", "logger": "src.telegram_bot.core.bot_initializer"}
2025-09-23 07:20:28,902 - __main__ - ERROR - {"timestamp": "2025-09-23T07:20:28.902749", "level": "ERROR", "message": "애플리케이션 초기화 오류: 'Updater' object has no attribute '_Updater__polling_cleanup_cb' and no __dict__ for setting new attributes", "logger": "__main__"}
2025-09-23 07:20:28,904 - __main__ - ERROR - {"timestamp": "2025-09-23T07:20:28.904368", "level": "ERROR", "message": "애플리케이션 시작 오류: 'Updater' object has no attribute '_Updater__polling_cleanup_cb' and no __dict__ for setting new attributes", "logger": "__main__"}
2025-09-23 07:20:28,905 - __main__ - INFO - {"timestamp": "2025-09-23T07:20:28.905753", "level": "INFO", "message": "텔레그램 봇 중지 중...", "logger": "__main__"}
2025-09-23 07:20:28,916 - __main__ - INFO - {"timestamp": "2025-09-23T07:20:28.916892", "level": "INFO", "message": "텔레그램 봇 중지 완료", "logger": "__main__"}
2025-09-23 07:20:51,381 - src.telegram_bot.core.bot_initializer - INFO - {"timestamp": "2025-09-23T07:20:51.381568", "level": "INFO", "message": "설정 파일 로드 완료", "logger": "src.telegram_bot.core.bot_initializer"}
2025-09-23 07:20:51,411 - src.telegram_bot.core.bot_initializer - INFO - {"timestamp": "2025-09-23T07:20:51.411474", "level": "INFO", "message": "로깅 시스템 설정 완료", "logger": "src.telegram_bot.core.bot_initializer"}
2025-09-23 07:20:53,279 - src.telegram_bot.core.bot_initializer - ERROR - {"timestamp": "2025-09-23T07:20:53.279168", "level": "ERROR", "message": "애플리케이션 생성 오류: 'Updater' object has no attribute '_Updater__polling_cleanup_cb' and no __dict__ for setting new attributes", "logger": "src.telegram_bot.core.bot_initializer"}
2025-09-23 07:20:53,281 - src.telegram_bot.core.bot_initializer - ERROR - {"timestamp": "2025-09-23T07:20:53.281189", "level": "ERROR", "message": "봇 초기화 오류: 'Updater' object has no attribute '_Updater__polling_cleanup_cb' and no __dict__ for setting new attributes", "logger": "src.telegram_bot.core.bot_initializer"}
2025-09-23 07:20:53,282 - __main__ - ERROR - {"timestamp": "2025-09-23T07:20:53.282347", "level": "ERROR", "message": "애플리케이션 초기화 오류: 'Updater' object has no attribute '_Updater__polling_cleanup_cb' and no __dict__ for setting new attributes", "logger": "__main__"}
2025-09-23 07:20:53,282 - __main__ - ERROR - {"timestamp": "2025-09-23T07:20:53.282871", "level": "ERROR", "message": "애플리케이션 시작 오류: 'Updater' object has no attribute '_Updater__polling_cleanup_cb' and no __dict__ for setting new attributes", "logger": "__main__"}
2025-09-23 07:20:53,283 - __main__ - INFO - {"timestamp": "2025-09-23T07:20:53.283643", "level": "INFO", "message": "텔레그램 봇 중지 중...", "logger": "__main__"}
2025-09-23 07:20:53,284 - __main__ - INFO - {"timestamp": "2025-09-23T07:20:53.284073", "level": "INFO", "message": "텔레그램 봇 중지 완료", "logger": "__main__"}
2025-09-23 07:21:54,955 - src.telegram_bot.core.bot_initializer - INFO - {"timestamp": "2025-09-23T07:21:54.955776", "level": "INFO", "message": "설정 파일 로드 완료", "logger": "src.telegram_bot.core.bot_initializer"}
2025-09-23 07:21:54,958 - src.telegram_bot.core.bot_initializer - INFO - {"timestamp": "2025-09-23T07:21:54.958436", "level": "INFO", "message": "로깅 시스템 설정 완료", "logger": "src.telegram_bot.core.bot_initializer"}
2025-09-23 07:21:57,242 - src.telegram_bot.core.bot_initializer - ERROR - {"timestamp": "2025-09-23T07:21:57.242520", "level": "ERROR", "message": "애플리케이션 생성 오류: 'Updater' object has no attribute '_Updater__polling_cleanup_cb' and no __dict__ for setting new attributes", "logger": "src.telegram_bot.core.bot_initializer"}
2025-09-23 07:21:57,243 - src.telegram_bot.core.bot_initializer - ERROR - {"timestamp": "2025-09-23T07:21:57.243389", "level": "ERROR", "message": "봇 초기화 오류: 'Updater' object has no attribute '_Updater__polling_cleanup_cb' and no __dict__ for setting new attributes", "logger": "src.telegram_bot.core.bot_initializer"}
2025-09-23 07:21:57,244 - __main__ - ERROR - {"timestamp": "2025-09-23T07:21:57.243979", "level": "ERROR", "message": "애플리케이션 초기화 오류: 'Updater' object has no attribute '_Updater__polling_cleanup_cb' and no __dict__ for setting new attributes", "logger": "__main__"}
2025-09-23 07:21:57,244 - __main__ - ERROR - {"timestamp": "2025-09-23T07:21:57.244501", "level": "ERROR", "message": "애플리케이션 시작 오류: 'Updater' object has no attribute '_Updater__polling_cleanup_cb' and no __dict__ for setting new attributes", "logger": "__main__"}
2025-09-23 07:21:57,246 - __main__ - INFO - {"timestamp": "2025-09-23T07:21:57.246433", "level": "INFO", "message": "텔레그램 봇 중지 중...", "logger": "__main__"}
2025-09-23 07:21:57,247 - __main__ - INFO - {"timestamp": "2025-09-23T07:21:57.247260", "level": "INFO", "message": "텔레그램 봇 중지 완료", "logger": "__main__"}
2025-09-23 07:22:36,609 - src.telegram_bot.core.bot_initializer - INFO - {"timestamp": "2025-09-23T07:22:36.609086", "level": "INFO", "message": "설정 파일 로드 완료", "logger": "src.telegram_bot.core.bot_initializer"}
2025-09-23 07:22:36,635 - src.telegram_bot.core.bot_initializer - INFO - {"timestamp": "2025-09-23T07:22:36.635745", "level": "INFO", "message": "로깅 시스템 설정 완료", "logger": "src.telegram_bot.core.bot_initializer"}
2025-09-23 07:22:38,887 - src.telegram_bot.core.bot_initializer - ERROR - {"timestamp": "2025-09-23T07:22:38.887028", "level": "ERROR", "message": "애플리케이션 생성 오류: 'Updater' object has no attribute '_Updater__polling_cleanup_cb' and no __dict__ for setting new attributes", "logger": "src.telegram_bot.core.bot_initializer"}
2025-09-23 07:22:38,887 - src.telegram_bot.core.bot_initializer - ERROR - {"timestamp": "2025-09-23T07:22:38.887703", "level": "ERROR", "message": "봇 초기화 오류: 'Updater' object has no attribute '_Updater__polling_cleanup_cb' and no __dict__ for setting new attributes", "logger": "src.telegram_bot.core.bot_initializer"}
2025-09-23 07:22:38,888 - __main__ - ERROR - {"timestamp": "2025-09-23T07:22:38.888235", "level": "ERROR", "message": "애플리케이션 초기화 오류: 'Updater' object has no attribute '_Updater__polling_cleanup_cb' and no __dict__ for setting new attributes", "logger": "__main__"}
2025-09-23 07:22:38,888 - __main__ - ERROR - {"timestamp": "2025-09-23T07:22:38.888896", "level": "ERROR", "message": "애플리케이션 시작 오류: 'Updater' object has no attribute '_Updater__polling_cleanup_cb' and no __dict__ for setting new attributes", "logger": "__main__"}
2025-09-23 07:22:38,889 - __main__ - INFO - {"timestamp": "2025-09-23T07:22:38.889770", "level": "INFO", "message": "텔레그램 봇 중지 중...", "logger": "__main__"}
2025-09-23 07:22:38,890 - __main__ - INFO - {"timestamp": "2025-09-23T07:22:38.890261", "level": "INFO", "message": "텔레그램 봇 중지 완료", "logger": "__main__"}
2025-09-23 07:23:29,231 - src.telegram_bot.core.bot_initializer - INFO - {"timestamp": "2025-09-23T07:23:29.231820", "level": "INFO", "message": "설정 파일 로드 완료", "logger": "src.telegram_bot.core.bot_initializer"}
2025-09-23 07:23:29,232 - src.telegram_bot.core.bot_initializer - INFO - {"timestamp": "2025-09-23T07:23:29.232560", "level": "INFO", "message": "로깅 시스템 설정 완료", "logger": "src.telegram_bot.core.bot_initializer"}
2025-09-23 07:23:30,056 - src.telegram_bot.core.bot_initializer - INFO - {"timestamp": "2025-09-23T07:23:30.056685", "level": "INFO", "message": "설정 파일 로드 완료", "logger": "src.telegram_bot.core.bot_initializer"}
2025-09-23 07:23:30,064 - src.telegram_bot.core.bot_initializer - INFO - {"timestamp": "2025-09-23T07:23:30.064651", "level": "INFO", "message": "로깅 시스템 설정 완료", "logger": "src.telegram_bot.core.bot_initializer"}
2025-09-23 07:23:31,315 - src.telegram_bot.core.bot_initializer - ERROR - {"timestamp": "2025-09-23T07:23:31.315161", "level": "ERROR", "message": "애플리케이션 생성 오류: 'Updater' object has no attribute '_Updater__polling_cleanup_cb' and no __dict__ for setting new attributes", "logger": "src.telegram_bot.core.bot_initializer"}
2025-09-23 07:23:31,315 - src.telegram_bot.core.bot_initializer - ERROR - {"timestamp": "2025-09-23T07:23:31.315930", "level": "ERROR", "message": "봇 초기화 오류: 'Updater' object has no attribute '_Updater__polling_cleanup_cb' and no __dict__ for setting new attributes", "logger": "src.telegram_bot.core.bot_initializer"}
2025-09-23 07:23:31,316 - __main__ - ERROR - {"timestamp": "2025-09-23T07:23:31.316452", "level": "ERROR", "message": "애플리케이션 초기화 오류: 'Updater' object has no attribute '_Updater__polling_cleanup_cb' and no __dict__ for setting new attributes", "logger": "__main__"}
2025-09-23 07:23:31,317 - __main__ - ERROR - {"timestamp": "2025-09-23T07:23:31.316980", "level": "ERROR", "message": "애플리케이션 시작 오류: 'Updater' object has no attribute '_Updater__polling_cleanup_cb' and no __dict__ for setting new attributes", "logger": "__main__"}
2025-09-23 07:23:31,317 - __main__ - INFO - {"timestamp": "2025-09-23T07:23:31.317707", "level": "INFO", "message": "텔레그램 봇 중지 중...", "logger": "__main__"}
2025-09-23 07:23:31,318 - __main__ - INFO - {"timestamp": "2025-09-23T07:23:31.318068", "level": "INFO", "message": "텔레그램 봇 중지 완료", "logger": "__main__"}
2025-09-23 07:23:31,894 - src.telegram_bot.core.bot_initializer - ERROR - {"timestamp": "2025-09-23T07:23:31.894294", "level": "ERROR", "message": "애플리케이션 생성 오류: 'Updater' object has no attribute '_Updater__polling_cleanup_cb' and no __dict__ for setting new attributes", "logger": "src.telegram_bot.core.bot_initializer"}
2025-09-23 07:23:31,894 - src.telegram_bot.core.bot_initializer - ERROR - {"timestamp": "2025-09-23T07:23:31.894893", "level": "ERROR", "message": "봇 초기화 오류: 'Updater' object has no attribute '_Updater__polling_cleanup_cb' and no __dict__ for setting new attributes", "logger": "src.telegram_bot.core.bot_initializer"}
2025-09-23 07:23:31,895 - __main__ - ERROR - {"timestamp": "2025-09-23T07:23:31.895355", "level": "ERROR", "message": "애플리케이션 초기화 오류: 'Updater' object has no attribute '_Updater__polling_cleanup_cb' and no __dict__ for setting new attributes", "logger": "__main__"}
2025-09-23 07:23:31,895 - __main__ - ERROR - {"timestamp": "2025-09-23T07:23:31.895772", "level": "ERROR", "message": "애플리케이션 시작 오류: 'Updater' object has no attribute '_Updater__polling_cleanup_cb' and no __dict__ for setting new attributes", "logger": "__main__"}
2025-09-23 07:23:31,896 - __main__ - INFO - {"timestamp": "2025-09-23T07:23:31.896447", "level": "INFO", "message": "텔레그램 봇 중지 중...", "logger": "__main__"}
2025-09-23 07:23:31,896 - __main__ - INFO - {"timestamp": "2025-09-23T07:23:31.896788", "level": "INFO", "message": "텔레그램 봇 중지 완료", "logger": "__main__"}
2025-09-23 07:24:00,022 - src.telegram_bot.core.bot_initializer - INFO - {"timestamp": "2025-09-23T07:24:00.022397", "level": "INFO", "message": "설정 파일 로드 완료", "logger": "src.telegram_bot.core.bot_initializer"}
2025-09-23 07:24:00,029 - src.telegram_bot.core.bot_initializer - INFO - {"timestamp": "2025-09-23T07:24:00.029249", "level": "INFO", "message": "로깅 시스템 설정 완료", "logger": "src.telegram_bot.core.bot_initializer"}
2025-09-23 07:24:01,936 - src.telegram_bot.core.bot_initializer - ERROR - {"timestamp": "2025-09-23T07:24:01.936093", "level": "ERROR", "message": "애플리케이션 생성 오류: 'Updater' object has no attribute '_Updater__polling_cleanup_cb' and no __dict__ for setting new attributes", "logger": "src.telegram_bot.core.bot_initializer"}
2025-09-23 07:24:01,936 - src.telegram_bot.core.bot_initializer - ERROR - {"timestamp": "2025-09-23T07:24:01.936662", "level": "ERROR", "message": "봇 초기화 오류: 'Updater' object has no attribute '_Updater__polling_cleanup_cb' and no __dict__ for setting new attributes", "logger": "src.telegram_bot.core.bot_initializer"}
2025-09-23 07:24:01,937 - __main__ - ERROR - {"timestamp": "2025-09-23T07:24:01.937238", "level": "ERROR", "message": "애플리케이션 초기화 오류: 'Updater' object has no attribute '_Updater__polling_cleanup_cb' and no __dict__ for setting new attributes", "logger": "__main__"}
2025-09-23 07:24:01,937 - __main__ - ERROR - {"timestamp": "2025-09-23T07:24:01.937766", "level": "ERROR", "message": "애플리케이션 시작 오류: 'Updater' object has no attribute '_Updater__polling_cleanup_cb' and no __dict__ for setting new attributes", "logger": "__main__"}
2025-09-23 07:24:01,938 - __main__ - INFO - {"timestamp": "2025-09-23T07:24:01.938471", "level": "INFO", "message": "텔레그램 봇 중지 중...", "logger": "__main__"}
2025-09-23 07:24:01,938 - __main__ - INFO - {"timestamp": "2025-09-23T07:24:01.938846", "level": "INFO", "message": "텔레그램 봇 중지 완료", "logger": "__main__"}
2025-09-23 07:29:16,609 - src.telegram_bot.core.bot_initializer - INFO - {"timestamp": "2025-09-23T07:29:16.596981", "level": "INFO", "message": "설정 파일 로드 완료", "logger": "src.telegram_bot.core.bot_initializer"}
2025-09-23 07:29:16,616 - src.telegram_bot.core.bot_initializer - INFO - {"timestamp": "2025-09-23T07:29:16.616608", "level": "INFO", "message": "로깅 시스템 설정 완료", "logger": "src.telegram_bot.core.bot_initializer"}
2025-09-23 07:29:18,780 - src.telegram_bot.core.bot_initializer - ERROR - {"timestamp": "2025-09-23T07:29:18.780697", "level": "ERROR", "message": "애플리케이션 생성 오류: 'Updater' object has no attribute '_Updater__polling_cleanup_cb' and no __dict__ for setting new attributes", "logger": "src.telegram_bot.core.bot_initializer"}
2025-09-23 07:29:18,781 - src.telegram_bot.core.bot_initializer - ERROR - {"timestamp": "2025-09-23T07:29:18.781485", "level": "ERROR", "message": "봇 초기화 오류: 'Updater' object has no attribute '_Updater__polling_cleanup_cb' and no __dict__ for setting new attributes", "logger": "src.telegram_bot.core.bot_initializer"}
2025-09-23 07:29:18,782 - __main__ - ERROR - {"timestamp": "2025-09-23T07:29:18.782175", "level": "ERROR", "message": "애플리케이션 초기화 오류: 'Updater' object has no attribute '_Updater__polling_cleanup_cb' and no __dict__ for setting new attributes", "logger": "__main__"}
2025-09-23 07:29:18,783 - __main__ - ERROR - {"timestamp": "2025-09-23T07:29:18.782720", "level": "ERROR", "message": "애플리케이션 시작 오류: 'Updater' object has no attribute '_Updater__polling_cleanup_cb' and no __dict__ for setting new attributes", "logger": "__main__"}
2025-09-23 07:29:18,785 - __main__ - INFO - {"timestamp": "2025-09-23T07:29:18.784972", "level": "INFO", "message": "텔레그램 봇 중지 중...", "logger": "__main__"}
2025-09-23 07:29:18,786 - __main__ - INFO - {"timestamp": "2025-09-23T07:29:18.786118", "level": "INFO", "message": "텔레그램 봇 중지 완료", "logger": "__main__"}
2025-09-23 07:29:34,402 - src.telegram_bot.core.bot_initializer - INFO - {"timestamp": "2025-09-23T07:29:34.402004", "level": "INFO", "message": "설정 파일 로드 완료", "logger": "src.telegram_bot.core.bot_initializer"}
2025-09-23 07:29:34,420 - src.telegram_bot.core.bot_initializer - INFO - {"timestamp": "2025-09-23T07:29:34.420513", "level": "INFO", "message": "로깅 시스템 설정 완료", "logger": "src.telegram_bot.core.bot_initializer"}
2025-09-23 07:29:36,275 - src.telegram_bot.core.bot_initializer - ERROR - {"timestamp": "2025-09-23T07:29:36.275606", "level": "ERROR", "message": "애플리케이션 생성 오류: 'Updater' object has no attribute '_Updater__polling_cleanup_cb' and no __dict__ for setting new attributes", "logger": "src.telegram_bot.core.bot_initializer"}
2025-09-23 07:29:36,276 - src.telegram_bot.core.bot_initializer - ERROR - {"timestamp": "2025-09-23T07:29:36.276253", "level": "ERROR", "message": "봇 초기화 오류: 'Updater' object has no attribute '_Updater__polling_cleanup_cb' and no __dict__ for setting new attributes", "logger": "src.telegram_bot.core.bot_initializer"}
2025-09-23 07:29:36,276 - __main__ - ERROR - {"timestamp": "2025-09-23T07:29:36.276837", "level": "ERROR", "message": "애플리케이션 초기화 오류: 'Updater' object has no attribute '_Updater__polling_cleanup_cb' and no __dict__ for setting new attributes", "logger": "__main__"}
2025-09-23 07:29:36,277 - __main__ - ERROR - {"timestamp": "2025-09-23T07:29:36.277504", "level": "ERROR", "message": "애플리케이션 시작 오류: 'Updater' object has no attribute '_Updater__polling_cleanup_cb' and no __dict__ for setting new attributes", "logger": "__main__"}
2025-09-23 07:29:36,278 - __main__ - INFO - {"timestamp": "2025-09-23T07:29:36.278736", "level": "INFO", "message": "텔레그램 봇 중지 중...", "logger": "__main__"}
2025-09-23 07:29:36,279 - __main__ - INFO - {"timestamp": "2025-09-23T07:29:36.279352", "level": "INFO", "message": "텔레그램 봇 중지 완료", "logger": "__main__"}
2025-09-23 07:30:45,982 - src.telegram_bot.core.bot_initializer - INFO - {"timestamp": "2025-09-23T07:30:45.982641", "level": "INFO", "message": "설정 파일 로드 완료", "logger": "src.telegram_bot.core.bot_initializer"}
2025-09-23 07:30:45,983 - src.telegram_bot.core.bot_initializer - INFO - {"timestamp": "2025-09-23T07:30:45.983847", "level": "INFO", "message": "로깅 시스템 설정 완료", "logger": "src.telegram_bot.core.bot_initializer"}
2025-09-23 07:30:48,320 - src.telegram_bot.core.bot_initializer - ERROR - {"timestamp": "2025-09-23T07:30:48.320522", "level": "ERROR", "message": "애플리케이션 생성 오류: 'Updater' object has no attribute '_Updater__polling_cleanup_cb' and no __dict__ for setting new attributes", "logger": "src.telegram_bot.core.bot_initializer"}
2025-09-23 07:30:48,321 - src.telegram_bot.core.bot_initializer - ERROR - {"timestamp": "2025-09-23T07:30:48.321184", "level": "ERROR", "message": "봇 초기화 오류: 'Updater' object has no attribute '_Updater__polling_cleanup_cb' and no __dict__ for setting new attributes", "logger": "src.telegram_bot.core.bot_initializer"}
2025-09-23 07:30:48,324 - __main__ - ERROR - {"timestamp": "2025-09-23T07:30:48.324155", "level": "ERROR", "message": "애플리케이션 초기화 오류: 'Updater' object has no attribute '_Updater__polling_cleanup_cb' and no __dict__ for setting new attributes", "logger": "__main__"}
2025-09-23 07:30:48,325 - __main__ - ERROR - {"timestamp": "2025-09-23T07:30:48.325370", "level": "ERROR", "message": "애플리케이션 시작 오류: 'Updater' object has no attribute '_Updater__polling_cleanup_cb' and no __dict__ for setting new attributes", "logger": "__main__"}
2025-09-23 07:30:48,327 - __main__ - INFO - {"timestamp": "2025-09-23T07:30:48.327047", "level": "INFO", "message": "텔레그램 봇 중지 중...", "logger": "__main__"}
2025-09-23 07:30:48,328 - __main__ - INFO - {"timestamp": "2025-09-23T07:30:48.327972", "level": "INFO", "message": "텔레그램 봇 중지 완료", "logger": "__main__"}
2025-09-23 07:31:51,194 - src.telegram_bot.core.bot_initializer - INFO - {"timestamp": "2025-09-23T07:31:51.193742", "level": "INFO", "message": "설정 파일 로드 완료", "logger": "src.telegram_bot.core.bot_initializer"}
2025-09-23 07:31:51,200 - src.telegram_bot.core.bot_initializer - INFO - {"timestamp": "2025-09-23T07:31:51.200125", "level": "INFO", "message": "로깅 시스템 설정 완료", "logger": "src.telegram_bot.core.bot_initializer"}
2025-09-23 07:31:51,203 - src.telegram_bot.core.bot_initializer - ERROR - {"timestamp": "2025-09-23T07:31:51.203869", "level": "ERROR", "message": "애플리케이션 생성 오류: Only timezones from the pytz library are supported", "logger": "src.telegram_bot.core.bot_initializer"}
2025-09-23 07:31:51,204 - src.telegram_bot.core.bot_initializer - ERROR - {"timestamp": "2025-09-23T07:31:51.204706", "level": "ERROR", "message": "봇 초기화 오류: Only timezones from the pytz library are supported", "logger": "src.telegram_bot.core.bot_initializer"}
2025-09-23 07:31:51,206 - __main__ - ERROR - {"timestamp": "2025-09-23T07:31:51.206661", "level": "ERROR", "message": "애플리케이션 초기화 오류: Only timezones from the pytz library are supported", "logger": "__main__"}
2025-09-23 07:31:51,217 - __main__ - ERROR - {"timestamp": "2025-09-23T07:31:51.217766", "level": "ERROR", "message": "애플리케이션 시작 오류: Only timezones from the pytz library are supported", "logger": "__main__"}
2025-09-23 07:31:51,220 - __main__ - INFO - {"timestamp": "2025-09-23T07:31:51.220017", "level": "INFO", "message": "텔레그램 봇 중지 중...", "logger": "__main__"}
2025-09-23 07:31:51,230 - __main__ - INFO - {"timestamp": "2025-09-23T07:31:51.229979", "level": "INFO", "message": "텔레그램 봇 중지 완료", "logger": "__main__"}
2025-09-23 07:32:20,811 - src.telegram_bot.core.bot_initializer - INFO - {"timestamp": "2025-09-23T07:32:20.811166", "level": "INFO", "message": "설정 파일 로드 완료", "logger": "src.telegram_bot.core.bot_initializer"}
2025-09-23 07:32:20,817 - src.telegram_bot.core.bot_initializer - INFO - {"timestamp": "2025-09-23T07:32:20.817257", "level": "INFO", "message": "로깅 시스템 설정 완료", "logger": "src.telegram_bot.core.bot_initializer"}
2025-09-23 07:32:20,823 - src.telegram_bot.core.bot_initializer - ERROR - {"timestamp": "2025-09-23T07:32:20.823291", "level": "ERROR", "message": "애플리케이션 생성 오류: Only timezones from the pytz library are supported", "logger": "src.telegram_bot.core.bot_initializer"}
2025-09-23 07:32:20,825 - src.telegram_bot.core.bot_initializer - ERROR - {"timestamp": "2025-09-23T07:32:20.825794", "level": "ERROR", "message": "봇 초기화 오류: Only timezones from the pytz library are supported", "logger": "src.telegram_bot.core.bot_initializer"}
2025-09-23 07:32:20,837 - __main__ - ERROR - {"timestamp": "2025-09-23T07:32:20.837743", "level": "ERROR", "message": "애플리케이션 초기화 오류: Only timezones from the pytz library are supported", "logger": "__main__"}
2025-09-23 07:32:20,839 - __main__ - ERROR - {"timestamp": "2025-09-23T07:32:20.839595", "level": "ERROR", "message": "애플리케이션 시작 오류: Only timezones from the pytz library are supported", "logger": "__main__"}
2025-09-23 07:32:20,850 - __main__ - INFO - {"timestamp": "2025-09-23T07:32:20.849924", "level": "INFO", "message": "텔레그램 봇 중지 중...", "logger": "__main__"}
2025-09-23 07:32:20,851 - __main__ - INFO - {"timestamp": "2025-09-23T07:32:20.850922", "level": "INFO", "message": "텔레그램 봇 중지 완료", "logger": "__main__"}
2025-09-23 07:33:05,306 - src.telegram_bot.core.bot_initializer - INFO - {"timestamp": "2025-09-23T07:33:05.306329", "level": "INFO", "message": "설정 파일 로드 완료", "logger": "src.telegram_bot.core.bot_initializer"}
2025-09-23 07:33:05,309 - src.telegram_bot.core.bot_initializer - INFO - {"timestamp": "2025-09-23T07:33:05.308933", "level": "INFO", "message": "로깅 시스템 설정 완료", "logger": "src.telegram_bot.core.bot_initializer"}
2025-09-23 07:33:07,414 - src.telegram_bot.core.bot_initializer - ERROR - {"timestamp": "2025-09-23T07:33:07.414618", "level": "ERROR", "message": "애플리케이션 생성 오류: 'Updater' object has no attribute '_Updater__polling_cleanup_cb' and no __dict__ for setting new attributes", "logger": "src.telegram_bot.core.bot_initializer"}
2025-09-23 07:33:07,415 - src.telegram_bot.core.bot_initializer - ERROR - {"timestamp": "2025-09-23T07:33:07.415739", "level": "ERROR", "message": "봇 초기화 오류: 'Updater' object has no attribute '_Updater__polling_cleanup_cb' and no __dict__ for setting new attributes", "logger": "src.telegram_bot.core.bot_initializer"}
2025-09-23 07:33:07,418 - __main__ - ERROR - {"timestamp": "2025-09-23T07:33:07.418165", "level": "ERROR", "message": "애플리케이션 초기화 오류: 'Updater' object has no attribute '_Updater__polling_cleanup_cb' and no __dict__ for setting new attributes", "logger": "__main__"}
2025-09-23 07:33:07,419 - __main__ - ERROR - {"timestamp": "2025-09-23T07:33:07.419555", "level": "ERROR", "message": "애플리케이션 시작 오류: 'Updater' object has no attribute '_Updater__polling_cleanup_cb' and no __dict__ for setting new attributes", "logger": "__main__"}
2025-09-23 07:33:07,430 - __main__ - INFO - {"timestamp": "2025-09-23T07:33:07.430575", "level": "INFO", "message": "텔레그램 봇 중지 중...", "logger": "__main__"}
2025-09-23 07:33:07,431 - __main__ - INFO - {"timestamp": "2025-09-23T07:33:07.431643", "level": "INFO", "message": "텔레그램 봇 중지 완료", "logger": "__main__"}
2025-09-23 08:09:07,383 - src.telegram_bot.core.bot_initializer - INFO - {"timestamp": "2025-09-23T08:09:07.383744", "level": "INFO", "message": "설정 파일 로드 완료", "logger": "src.telegram_bot.core.bot_initializer"}
2025-09-23 08:09:07,384 - src.telegram_bot.core.bot_initializer - INFO - {"timestamp": "2025-09-23T08:09:07.384887", "level": "INFO", "message": "로깅 시스템 설정 완료", "logger": "src.telegram_bot.core.bot_initializer"}
2025-09-23 08:09:09,134 - src.telegram_bot.core.bot_initializer - ERROR - {"timestamp": "2025-09-23T08:09:09.133952", "level": "ERROR", "message": "애플리케이션 생성 오류: 'Updater' object has no attribute '_Updater__polling_cleanup_cb' and no __dict__ for setting new attributes", "logger": "src.telegram_bot.core.bot_initializer"}
2025-09-23 08:09:09,134 - src.telegram_bot.core.bot_initializer - ERROR - {"timestamp": "2025-09-23T08:09:09.134803", "level": "ERROR", "message": "봇 초기화 오류: 'Updater' object has no attribute '_Updater__polling_cleanup_cb' and no __dict__ for setting new attributes", "logger": "src.telegram_bot.core.bot_initializer"}
2025-09-23 08:09:09,135 - __main__ - ERROR - {"timestamp": "2025-09-23T08:09:09.135675", "level": "ERROR", "message": "애플리케이션 초기화 오류: 'Updater' object has no attribute '_Updater__polling_cleanup_cb' and no __dict__ for setting new attributes", "logger": "__main__"}
2025-09-23 08:09:09,136 - __main__ - ERROR - {"timestamp": "2025-09-23T08:09:09.136270", "level": "ERROR", "message": "애플리케이션 시작 오류: 'Updater' object has no attribute '_Updater__polling_cleanup_cb' and no __dict__ for setting new attributes", "logger": "__main__"}
2025-09-23 08:09:09,137 - __main__ - INFO - {"timestamp": "2025-09-23T08:09:09.137276", "level": "INFO", "message": "텔레그램 봇 중지 중...", "logger": "__main__"}
2025-09-23 08:09:09,137 - __main__ - INFO - {"timestamp": "2025-09-23T08:09:09.137791", "level": "INFO", "message": "텔레그램 봇 중지 완료", "logger": "__main__"}
2025-09-23 08:10:00,823 - src.telegram_bot.core.bot_initializer - INFO - {"timestamp": "2025-09-23T08:10:00.823432", "level": "INFO", "message": "설정 파일 로드 완료", "logger": "src.telegram_bot.core.bot_initializer"}
2025-09-23 08:10:00,829 - src.telegram_bot.core.bot_initializer - INFO - {"timestamp": "2025-09-23T08:10:00.829471", "level": "INFO", "message": "로깅 시스템 설정 완료", "logger": "src.telegram_bot.core.bot_initializer"}
2025-09-23 08:10:03,043 - src.telegram_bot.core.bot_initializer - ERROR - {"timestamp": "2025-09-23T08:10:03.043644", "level": "ERROR", "message": "애플리케이션 생성 오류: 'Updater' object has no attribute '_Updater__polling_cleanup_cb' and no __dict__ for setting new attributes", "logger": "src.telegram_bot.core.bot_initializer"}
2025-09-23 08:10:03,044 - src.telegram_bot.core.bot_initializer - ERROR - {"timestamp": "2025-09-23T08:10:03.044452", "level": "ERROR", "message": "봇 초기화 오류: 'Updater' object has no attribute '_Updater__polling_cleanup_cb' and no __dict__ for setting new attributes", "logger": "src.telegram_bot.core.bot_initializer"}
2025-09-23 08:10:03,045 - __main__ - ERROR - {"timestamp": "2025-09-23T08:10:03.045347", "level": "ERROR", "message": "애플리케이션 초기화 오류: 'Updater' object has no attribute '_Updater__polling_cleanup_cb' and no __dict__ for setting new attributes", "logger": "__main__"}
2025-09-23 08:10:03,046 - __main__ - ERROR - {"timestamp": "2025-09-23T08:10:03.046538", "level": "ERROR", "message": "애플리케이션 시작 오류: 'Updater' object has no attribute '_Updater__polling_cleanup_cb' and no __dict__ for setting new attributes", "logger": "__main__"}
2025-09-23 08:10:03,047 - __main__ - INFO - {"timestamp": "2025-09-23T08:10:03.047634", "level": "INFO", "message": "텔레그램 봇 중지 중...", "logger": "__main__"}
2025-09-23 08:10:03,048 - __main__ - INFO - {"timestamp": "2025-09-23T08:10:03.048204", "level": "INFO", "message": "텔레그램 봇 중지 완료", "logger": "__main__"}
2025-09-23 08:13:01,683 - src.telegram_bot.core.bot_initializer - INFO - {"timestamp": "2025-09-23T08:13:01.683243", "level": "INFO", "message": "설정 파일 로드 완료", "logger": "src.telegram_bot.core.bot_initializer"}
2025-09-23 08:13:01,687 - src.telegram_bot.core.bot_initializer - INFO - {"timestamp": "2025-09-23T08:13:01.687877", "level": "INFO", "message": "로깅 시스템 설정 완료", "logger": "src.telegram_bot.core.bot_initializer"}
2025-09-23 08:13:01,692 - src.telegram_bot.core.bot_initializer - ERROR - {"timestamp": "2025-09-23T08:13:01.692524", "level": "ERROR", "message": "애플리케이션 생성 오류: Only timezones from the pytz library are supported", "logger": "src.telegram_bot.core.bot_initializer"}
2025-09-23 08:13:01,705 - src.telegram_bot.core.bot_initializer - ERROR - {"timestamp": "2025-09-23T08:13:01.705078", "level": "ERROR", "message": "봇 초기화 오류: Only timezones from the pytz library are supported", "logger": "src.telegram_bot.core.bot_initializer"}
2025-09-23 08:13:01,707 - __main__ - ERROR - {"timestamp": "2025-09-23T08:13:01.707915", "level": "ERROR", "message": "애플리케이션 초기화 오류: Only timezones from the pytz library are supported", "logger": "__main__"}
2025-09-23 08:13:01,714 - __main__ - ERROR - {"timestamp": "2025-09-23T08:13:01.714453", "level": "ERROR", "message": "애플리케이션 시작 오류: Only timezones from the pytz library are supported", "logger": "__main__"}
2025-09-23 08:13:01,723 - __main__ - INFO - {"timestamp": "2025-09-23T08:13:01.723486", "level": "INFO", "message": "텔레그램 봇 중지 중...", "logger": "__main__"}
2025-09-23 08:13:01,728 - __main__ - INFO - {"timestamp": "2025-09-23T08:13:01.728794", "level": "INFO", "message": "텔레그램 봇 중지 완료", "logger": "__main__"}
2025-09-23 08:13:30,575 - src.telegram_bot.core.bot_initializer - INFO - {"timestamp": "2025-09-23T08:13:30.575421", "level": "INFO", "message": "설정 파일 로드 완료", "logger": "src.telegram_bot.core.bot_initializer"}
2025-09-23 08:13:30,622 - src.telegram_bot.core.bot_initializer - INFO - {"timestamp": "2025-09-23T08:13:30.622797", "level": "INFO", "message": "로깅 시스템 설정 완료", "logger": "src.telegram_bot.core.bot_initializer"}
2025-09-23 08:13:30,661 - src.telegram_bot.core.bot_initializer - ERROR - {"timestamp": "2025-09-23T08:13:30.661314", "level": "ERROR", "message": "애플리케이션 생성 오류: Only timezones from the pytz library are supported", "logger": "src.telegram_bot.core.bot_initializer"}
2025-09-23 08:13:30,701 - src.telegram_bot.core.bot_initializer - ERROR - {"timestamp": "2025-09-23T08:13:30.701087", "level": "ERROR", "message": "봇 초기화 오류: Only timezones from the pytz library are supported", "logger": "src.telegram_bot.core.bot_initializer"}
2025-09-23 08:13:30,722 - __main__ - ERROR - {"timestamp": "2025-09-23T08:13:30.722058", "level": "ERROR", "message": "애플리케이션 초기화 오류: Only timezones from the pytz library are supported", "logger": "__main__"}
2025-09-23 08:13:30,770 - __main__ - ERROR - {"timestamp": "2025-09-23T08:13:30.770694", "level": "ERROR", "message": "애플리케이션 시작 오류: Only timezones from the pytz library are supported", "logger": "__main__"}
2025-09-23 08:13:30,790 - __main__ - INFO - {"timestamp": "2025-09-23T08:13:30.790104", "level": "INFO", "message": "텔레그램 봇 중지 중...", "logger": "__main__"}
2025-09-23 08:13:30,791 - __main__ - INFO - {"timestamp": "2025-09-23T08:13:30.791401", "level": "INFO", "message": "텔레그램 봇 중지 완료", "logger": "__main__"}
2025-09-23 08:14:07,895 - src.telegram_bot.core.bot_initializer - INFO - {"timestamp": "2025-09-23T08:14:07.895326", "level": "INFO", "message": "설정 파일 로드 완료", "logger": "src.telegram_bot.core.bot_initializer"}
2025-09-23 08:14:07,896 - src.telegram_bot.core.bot_initializer - INFO - {"timestamp": "2025-09-23T08:14:07.896100", "level": "INFO", "message": "로깅 시스템 설정 완료", "logger": "src.telegram_bot.core.bot_initializer"}
2025-09-23 08:14:09,905 - src.telegram_bot.core.bot_initializer - ERROR - {"timestamp": "2025-09-23T08:14:09.905246", "level": "ERROR", "message": "애플리케이션 생성 오류: cannot create weak reference to 'Application' object", "logger": "src.telegram_bot.core.bot_initializer"}
2025-09-23 08:14:09,910 - src.telegram_bot.core.bot_initializer - ERROR - {"timestamp": "2025-09-23T08:14:09.910021", "level": "ERROR", "message": "봇 초기화 오류: cannot create weak reference to 'Application' object", "logger": "src.telegram_bot.core.bot_initializer"}
2025-09-23 08:14:09,921 - __main__ - ERROR - {"timestamp": "2025-09-23T08:14:09.921895", "level": "ERROR", "message": "애플리케이션 초기화 오류: cannot create weak reference to 'Application' object", "logger": "__main__"}
2025-09-23 08:14:09,938 - __main__ - ERROR - {"timestamp": "2025-09-23T08:14:09.937997", "level": "ERROR", "message": "애플리케이션 시작 오류: cannot create weak reference to 'Application' object", "logger": "__main__"}
2025-09-23 08:14:09,940 - __main__ - INFO - {"timestamp": "2025-09-23T08:14:09.940430", "level": "INFO", "message": "텔레그램 봇 중지 중...", "logger": "__main__"}
2025-09-23 08:14:09,942 - __main__ - INFO - {"timestamp": "2025-09-23T08:14:09.942103", "level": "INFO", "message": "텔레그램 봇 중지 완료", "logger": "__main__"}
2025-09-23 08:15:00,468 - src.telegram_bot.core.bot_initializer - INFO - {"timestamp": "2025-09-23T08:15:00.468744", "level": "INFO", "message": "설정 파일 로드 완료", "logger": "src.telegram_bot.core.bot_initializer"}
2025-09-23 08:15:00,483 - src.telegram_bot.core.bot_initializer - INFO - {"timestamp": "2025-09-23T08:15:00.483741", "level": "INFO", "message": "로깅 시스템 설정 완료", "logger": "src.telegram_bot.core.bot_initializer"}
2025-09-23 08:15:02,253 - src.telegram_bot.core.bot_initializer - ERROR - {"timestamp": "2025-09-23T08:15:02.252968", "level": "ERROR", "message": "애플리케이션 생성 오류: cannot create weak reference to 'Application' object", "logger": "src.telegram_bot.core.bot_initializer"}
2025-09-23 08:15:02,253 - src.telegram_bot.core.bot_initializer - ERROR - {"timestamp": "2025-09-23T08:15:02.253439", "level": "ERROR", "message": "봇 초기화 오류: cannot create weak reference to 'Application' object", "logger": "src.telegram_bot.core.bot_initializer"}
2025-09-23 08:15:02,253 - __main__ - ERROR - {"timestamp": "2025-09-23T08:15:02.253914", "level": "ERROR", "message": "애플리케이션 초기화 오류: cannot create weak reference to 'Application' object", "logger": "__main__"}
2025-09-23 08:15:02,254 - __main__ - ERROR - {"timestamp": "2025-09-23T08:15:02.254270", "level": "ERROR", "message": "애플리케이션 시작 오류: cannot create weak reference to 'Application' object", "logger": "__main__"}
2025-09-23 08:15:02,254 - __main__ - INFO - {"timestamp": "2025-09-23T08:15:02.254671", "level": "INFO", "message": "텔레그램 봇 중지 중...", "logger": "__main__"}
2025-09-23 08:15:02,254 - __main__ - INFO - {"timestamp": "2025-09-23T08:15:02.254954", "level": "INFO", "message": "텔레그램 봇 중지 완료", "logger": "__main__"}
2025-10-01 06:51:47,888 - src.telegram_bot.core.bot_initializer - INFO - {"timestamp": "2025-10-01T06:51:47.888506", "level": "INFO", "message": "설정 파일 로드 완료", "logger": "src.telegram_bot.core.bot_initializer"}
2025-10-01 06:51:47,902 - src.telegram_bot.core.bot_initializer - INFO - {"timestamp": "2025-10-01T06:51:47.902424", "level": "INFO", "message": "로깅 시스템 설정 완료", "logger": "src.telegram_bot.core.bot_initializer"}
2025-10-01 06:51:50,285 - src.telegram_bot.core.bot_initializer - ERROR - {"timestamp": "2025-10-01T06:51:50.285067", "level": "ERROR", "message": "애플리케이션 생성 오류: 'Updater' object has no attribute '_Updater__polling_cleanup_cb' and no __dict__ for setting new attributes", "logger": "src.telegram_bot.core.bot_initializer"}
2025-10-01 06:51:50,286 - src.telegram_bot.core.bot_initializer - ERROR - {"timestamp": "2025-10-01T06:51:50.286301", "level": "ERROR", "message": "봇 초기화 오류: 'Updater' object has no attribute '_Updater__polling_cleanup_cb' and no __dict__ for setting new attributes", "logger": "src.telegram_bot.core.bot_initializer"}
2025-10-01 06:51:50,287 - __main__ - ERROR - {"timestamp": "2025-10-01T06:51:50.287097", "level": "ERROR", "message": "애플리케이션 초기화 오류: 'Updater' object has no attribute '_Updater__polling_cleanup_cb' and no __dict__ for setting new attributes", "logger": "__main__"}
2025-10-01 06:51:50,289 - __main__ - ERROR - {"timestamp": "2025-10-01T06:51:50.289008", "level": "ERROR", "message": "애플리케이션 시작 오류: 'Updater' object has no attribute '_Updater__polling_cleanup_cb' and no __dict__ for setting new attributes", "logger": "__main__"}
2025-10-01 06:51:50,290 - __main__ - INFO - {"timestamp": "2025-10-01T06:51:50.290214", "level": "INFO", "message": "텔레그램 봇 중지 중...", "logger": "__main__"}
2025-10-01 06:51:50,291 - __main__ - INFO - {"timestamp": "2025-10-01T06:51:50.291079", "level": "INFO", "message": "텔레그램 봇 중지 완료", "logger": "__main__"}
2025-10-01 06:54:43,985 - src.telegram_bot.core.bot_initializer - INFO - {"timestamp": "2025-10-01T06:54:43.985585", "level": "INFO", "message": "설정 파일 로드 완료", "logger": "src.telegram_bot.core.bot_initializer"}
2025-10-01 06:54:43,987 - src.telegram_bot.core.bot_initializer - INFO - {"timestamp": "2025-10-01T06:54:43.987129", "level": "INFO", "message": "로깅 시스템 설정 완료", "logger": "src.telegram_bot.core.bot_initializer"}
2025-10-01 06:54:46,250 - src.telegram_bot.core.bot_initializer - ERROR - {"timestamp": "2025-10-01T06:54:46.250578", "level": "ERROR", "message": "애플리케이션 생성 오류: cannot create weak reference to 'Application' object", "logger": "src.telegram_bot.core.bot_initializer"}
2025-10-01 06:54:46,251 - src.telegram_bot.core.bot_initializer - ERROR - {"timestamp": "2025-10-01T06:54:46.251475", "level": "ERROR", "message": "봇 초기화 오류: cannot create weak reference to 'Application' object", "logger": "src.telegram_bot.core.bot_initializer"}
2025-10-01 06:54:46,252 - __main__ - ERROR - {"timestamp": "2025-10-01T06:54:46.252239", "level": "ERROR", "message": "애플리케이션 초기화 오류: cannot create weak reference to 'Application' object", "logger": "__main__"}
2025-10-01 06:54:46,253 - __main__ - ERROR - {"timestamp": "2025-10-01T06:54:46.253260", "level": "ERROR", "message": "애플리케이션 시작 오류: cannot create weak reference to 'Application' object", "logger": "__main__"}
2025-10-01 06:54:46,254 - __main__ - INFO - {"timestamp": "2025-10-01T06:54:46.254276", "level": "INFO", "message": "텔레그램 봇 중지 중...", "logger": "__main__"}
2025-10-01 06:54:46,255 - __main__ - INFO - {"timestamp": "2025-10-01T06:54:46.254960", "level": "INFO", "message": "텔레그램 봇 중지 완료", "logger": "__main__"}
2025-10-01 06:58:17,570 - src.telegram_bot.core.bot_initializer - ERROR - {"timestamp": "2025-10-01T06:58:17.570675", "level": "ERROR", "message": "설정 로드 오류: 봇 설정이 유효하지 않습니다", "logger": "src.telegram_bot.core.bot_initializer"}
2025-10-01 06:58:17,571 - src.telegram_bot.core.bot_initializer - ERROR - {"timestamp": "2025-10-01T06:58:17.571704", "level": "ERROR", "message": "봇 초기화 오류: 봇 설정이 유효하지 않습니다", "logger": "src.telegram_bot.core.bot_initializer"}
2025-10-01 06:58:17,572 - __main__ - ERROR - {"timestamp": "2025-10-01T06:58:17.572548", "level": "ERROR", "message": "애플리케이션 초기화 오류: 봇 설정이 유효하지 않습니다", "logger": "__main__"}
2025-10-01 06:58:17,573 - __main__ - ERROR - {"timestamp": "2025-10-01T06:58:17.573303", "level": "ERROR", "message": "애플리케이션 시작 오류: 봇 설정이 유효하지 않습니다", "logger": "__main__"}
2025-10-01 06:58:17,574 - __main__ - INFO - {"timestamp": "2025-10-01T06:58:17.574314", "level": "INFO", "message": "텔레그램 봇 중지 중...", "logger": "__main__"}
2025-10-01 06:58:17,575 - __main__ - INFO - {"timestamp": "2025-10-01T06:58:17.575027", "level": "INFO", "message": "텔레그램 봇 중지 완료", "logger": "__main__"}
2025-10-01 07:01:57,018 - src.telegram_bot.core.bot_initializer - ERROR - {"timestamp": "2025-10-01T07:01:57.018837", "level": "ERROR", "message": "설정 로드 오류: 봇 설정이 유효하지 않습니다", "logger": "src.telegram_bot.core.bot_initializer"}
2025-10-01 07:01:57,020 - src.telegram_bot.core.bot_initializer - ERROR - {"timestamp": "2025-10-01T07:01:57.020138", "level": "ERROR", "message": "봇 초기화 오류: 봇 설정이 유효하지 않습니다", "logger": "src.telegram_bot.core.bot_initializer"}
2025-10-01 07:01:57,020 - __main__ - ERROR - {"timestamp": "2025-10-01T07:01:57.020866", "level": "ERROR", "message": "애플리케이션 초기화 오류: 봇 설정이 유효하지 않습니다", "logger": "__main__"}
2025-10-01 07:01:57,021 - __main__ - ERROR - {"timestamp": "2025-10-01T07:01:57.021781", "level": "ERROR", "message": "애플리케이션 시작 오류: 봇 설정이 유효하지 않습니다", "logger": "__main__"}
2025-10-01 07:01:57,022 - __main__ - INFO - {"timestamp": "2025-10-01T07:01:57.022805", "level": "INFO", "message": "텔레그램 봇 중지 중...", "logger": "__main__"}
2025-10-01 07:01:57,023 - __main__ - INFO - {"timestamp": "2025-10-01T07:01:57.023515", "level": "INFO", "message": "텔레그램 봇 중지 완료", "logger": "__main__"}
2025-10-01 07:03:10,877 - src.telegram_bot.core.bot_initializer - INFO - {"timestamp": "2025-10-01T07:03:10.876899", "level": "INFO", "message": "설정 파일 로드 완료", "logger": "src.telegram_bot.core.bot_initializer"}
2025-10-01 07:03:10,878 - src.telegram_bot.core.bot_initializer - INFO - {"timestamp": "2025-10-01T07:03:10.878036", "level": "INFO", "message": "로깅 시스템 설정 완료", "logger": "src.telegram_bot.core.bot_initializer"}
2025-10-01 07:03:13,301 - src.telegram_bot.core.bot_initializer - ERROR - {"timestamp": "2025-10-01T07:03:13.301595", "level": "ERROR", "message": "애플리케이션 생성 오류: 'Updater' object has no attribute '_Updater__polling_cleanup_cb' and no __dict__ for setting new attributes", "logger": "src.telegram_bot.core.bot_initializer"}
2025-10-01 07:03:13,304 - src.telegram_bot.core.bot_initializer - ERROR - {"timestamp": "2025-10-01T07:03:13.304374", "level": "ERROR", "message": "봇 초기화 오류: 'Updater' object has no attribute '_Updater__polling_cleanup_cb' and no __dict__ for setting new attributes", "logger": "src.telegram_bot.core.bot_initializer"}
2025-10-01 07:03:13,305 - __main__ - ERROR - {"timestamp": "2025-10-01T07:03:13.305401", "level": "ERROR", "message": "애플리케이션 초기화 오류: 'Updater' object has no attribute '_Updater__polling_cleanup_cb' and no __dict__ for setting new attributes", "logger": "__main__"}
2025-10-01 07:03:13,306 - __main__ - ERROR - {"timestamp": "2025-10-01T07:03:13.306455", "level": "ERROR", "message": "애플리케이션 시작 오류: 'Updater' object has no attribute '_Updater__polling_cleanup_cb' and no __dict__ for setting new attributes", "logger": "__main__"}
2025-10-01 07:03:13,307 - __main__ - INFO - {"timestamp": "2025-10-01T07:03:13.307683", "level": "INFO", "message": "텔레그램 봇 중지 중...", "logger": "__main__"}
2025-10-01 07:03:13,308 - __main__ - INFO - {"timestamp": "2025-10-01T07:03:13.308716", "level": "INFO", "message": "텔레그램 봇 중지 완료", "logger": "__main__"}
2025-10-01 07:05:31,793 - src.telegram_bot.core.bot_initializer - INFO - {"timestamp": "2025-10-01T07:05:31.793027", "level": "INFO", "message": "설정 파일 로드 완료", "logger": "src.telegram_bot.core.bot_initializer"}
2025-10-01 07:05:31,794 - src.telegram_bot.core.bot_initializer - INFO - {"timestamp": "2025-10-01T07:05:31.794042", "level": "INFO", "message": "로깅 시스템 설정 완료", "logger": "src.telegram_bot.core.bot_initializer"}
2025-10-01 07:05:34,375 - src.telegram_bot.core.bot_initializer - ERROR - {"timestamp": "2025-10-01T07:05:34.375676", "level": "ERROR", "message": "애플리케이션 생성 오류: 'Updater' object has no attribute '_Updater__polling_cleanup_cb' and no __dict__ for setting new attributes", "logger": "src.telegram_bot.core.bot_initializer"}
2025-10-01 07:05:34,376 - src.telegram_bot.core.bot_initializer - ERROR - {"timestamp": "2025-10-01T07:05:34.376307", "level": "ERROR", "message": "봇 초기화 오류: 'Updater' object has no attribute '_Updater__polling_cleanup_cb' and no __dict__ for setting new attributes", "logger": "src.telegram_bot.core.bot_initializer"}
2025-10-01 07:05:34,376 - __main__ - ERROR - {"timestamp": "2025-10-01T07:05:34.376875", "level": "ERROR", "message": "애플리케이션 초기화 오류: 'Updater' object has no attribute '_Updater__polling_cleanup_cb' and no __dict__ for setting new attributes", "logger": "__main__"}
2025-10-01 07:05:34,377 - __main__ - ERROR - {"timestamp": "2025-10-01T07:05:34.377452", "level": "ERROR", "message": "애플리케이션 시작 오류: 'Updater' object has no attribute '_Updater__polling_cleanup_cb' and no __dict__ for setting new attributes", "logger": "__main__"}
2025-10-01 07:05:34,378 - __main__ - INFO - {"timestamp": "2025-10-01T07:05:34.378893", "level": "INFO", "message": "텔레그램 봇 중지 중...", "logger": "__main__"}
2025-10-01 07:05:34,379 - __main__ - INFO - {"timestamp": "2025-10-01T07:05:34.379574", "level": "INFO", "message": "텔레그램 봇 중지 완료", "logger": "__main__"}
2025-10-01 07:09:53,189 - src.telegram_bot.core.bot_initializer - INFO - {"timestamp": "2025-10-01T07:09:53.189292", "level": "INFO", "message": "설정 파일 로드 완료", "logger": "src.telegram_bot.core.bot_initializer"}
2025-10-01 07:09:53,192 - src.telegram_bot.core.bot_initializer - INFO - {"timestamp": "2025-10-01T07:09:53.192557", "level": "INFO", "message": "로깅 시스템 설정 완료", "logger": "src.telegram_bot.core.bot_initializer"}
2025-10-01 07:09:55,604 - src.telegram_bot.core.bot_initializer - ERROR - {"timestamp": "2025-10-01T07:09:55.604673", "level": "ERROR", "message": "애플리케이션 생성 오류: 'Updater' object has no attribute '_Updater__polling_cleanup_cb' and no __dict__ for setting new attributes", "logger": "src.telegram_bot.core.bot_initializer"}
2025-10-01 07:09:55,606 - src.telegram_bot.core.bot_initializer - ERROR - {"timestamp": "2025-10-01T07:09:55.605972", "level": "ERROR", "message": "봇 초기화 오류: 'Updater' object has no attribute '_Updater__polling_cleanup_cb' and no __dict__ for setting new attributes", "logger": "src.telegram_bot.core.bot_initializer"}
2025-10-01 07:09:55,607 - __main__ - ERROR - {"timestamp": "2025-10-01T07:09:55.607374", "level": "ERROR", "message": "애플리케이션 실행 오류: 'Updater' object has no attribute '_Updater__polling_cleanup_cb' and no __dict__ for setting new attributes", "logger": "__main__"}
2025-10-01 07:11:57,998 - src.telegram_bot.core.bot_initializer - INFO - {"timestamp": "2025-10-01T07:11:57.997881", "level": "INFO", "message": "설정 파일 로드 완료", "logger": "src.telegram_bot.core.bot_initializer"}
2025-10-01 07:11:58,004 - src.telegram_bot.core.bot_initializer - INFO - {"timestamp": "2025-10-01T07:11:58.004131", "level": "INFO", "message": "로깅 시스템 설정 완료", "logger": "src.telegram_bot.core.bot_initializer"}
2025-10-01 07:12:01,203 - src.telegram_bot.core.bot_initializer - INFO - {"timestamp": "2025-10-01T07:12:01.202978", "level": "INFO", "message": "텔레그램 애플리케이션 생성 완료", "logger": "src.telegram_bot.core.bot_initializer"}
2025-10-01 07:12:01,204 - src.telegram_bot.core.bot_initializer - INFO - {"timestamp": "2025-10-01T07:12:01.204084", "level": "INFO", "message": "핸들러 등록 완료", "logger": "src.telegram_bot.core.bot_initializer"}
2025-10-01 07:12:01,204 - src.telegram_bot.core.bot_initializer - INFO - {"timestamp": "2025-10-01T07:12:01.204768", "level": "INFO", "message": "텔레그램 봇 초기화 완료", "logger": "src.telegram_bot.core.bot_initializer"}
2025-10-01 07:12:01,205 - __main__ - INFO - {"timestamp": "2025-10-01T07:12:01.205442", "level": "INFO", "message": "텔레그램 봇 시작", "logger": "__main__"}
2025-10-01 07:12:01,206 - src.telegram_bot.core.bot_initializer - INFO - {"timestamp": "2025-10-01T07:12:01.206578", "level": "INFO", "message": "텔레그램 봇 폴링 시작", "logger": "src.telegram_bot.core.bot_initializer"}
2025-10-01 07:15:24,233 - src.telegram_bot.core.bot_initializer - INFO - {"timestamp": "2025-10-01T07:15:24.233163", "level": "INFO", "message": "설정 파일 로드 완료", "logger": "src.telegram_bot.core.bot_initializer"}
2025-10-01 07:15:24,235 - src.telegram_bot.core.bot_initializer - INFO - {"timestamp": "2025-10-01T07:15:24.235133", "level": "INFO", "message": "로깅 시스템 설정 완료", "logger": "src.telegram_bot.core.bot_initializer"}
2025-10-01 07:15:28,558 - src.telegram_bot.core.bot_initializer - INFO - {"timestamp": "2025-10-01T07:15:28.558712", "level": "INFO", "message": "텔레그램 애플리케이션 생성 완료", "logger": "src.telegram_bot.core.bot_initializer"}
2025-10-01 07:15:28,560 - src.telegram_bot.core.bot_initializer - INFO - {"timestamp": "2025-10-01T07:15:28.560579", "level": "INFO", "message": "핸들러 등록 완료", "logger": "src.telegram_bot.core.bot_initializer"}
2025-10-01 07:15:28,562 - src.telegram_bot.core.bot_initializer - INFO - {"timestamp": "2025-10-01T07:15:28.562220", "level": "INFO", "message": "텔레그램 봇 초기화 완료", "logger": "src.telegram_bot.core.bot_initializer"}
2025-10-01 07:15:28,563 - __main__ - INFO - {"timestamp": "2025-10-01T07:15:28.562931", "level": "INFO", "message": "텔레그램 봇 시작", "logger": "__main__"}
2025-10-01 07:15:28,564 - src.telegram_bot.core.bot_initializer - INFO - {"timestamp": "2025-10-01T07:15:28.564476", "level": "INFO", "message": "텔레그램 봇 폴링 시작", "logger": "src.telegram_bot.core.bot_initializer"}
2025-10-01 07:24:48,511 - src.telegram_bot.core.bot_initializer - INFO - {"timestamp": "2025-10-01T07:24:48.511676", "level": "INFO", "message": "설정 파일 로드 완료", "logger": "src.telegram_bot.core.bot_initializer"}
2025-10-01 07:24:48,513 - src.telegram_bot.core.bot_initializer - INFO - {"timestamp": "2025-10-01T07:24:48.512977", "level": "INFO", "message": "로깅 시스템 설정 완료", "logger": "src.telegram_bot.core.bot_initializer"}
2025-10-01 07:24:51,118 - src.telegram_bot.core.bot_initializer - INFO - {"timestamp": "2025-10-01T07:24:51.118175", "level": "INFO", "message": "텔레그램 애플리케이션 생성 완료", "logger": "src.telegram_bot.core.bot_initializer"}
2025-10-01 07:24:51,118 - src.telegram_bot.core.bot_initializer - INFO - {"timestamp": "2025-10-01T07:24:51.118939", "level": "INFO", "message": "핸들러 등록 완료", "logger": "src.telegram_bot.core.bot_initializer"}
2025-10-01 07:24:51,119 - src.telegram_bot.core.bot_initializer - INFO - {"timestamp": "2025-10-01T07:24:51.119336", "level": "INFO", "message": "텔레그램 봇 초기화 완료", "logger": "src.telegram_bot.core.bot_initializer"}
2025-10-01 07:24:51,119 - __main__ - INFO - {"timestamp": "2025-10-01T07:24:51.119759", "level": "INFO", "message": "텔레그램 봇 시작", "logger": "__main__"}
2025-10-01 07:24:51,120 - src.telegram_bot.core.bot_initializer - INFO - {"timestamp": "2025-10-01T07:24:51.120424", "level": "INFO", "message": "텔레그램 봇 폴링 시작", "logger": "src.telegram_bot.core.bot_initializer"}
2025-10-01 07:29:18,863 - src.telegram_bot.core.bot_initializer - INFO - {"timestamp": "2025-10-01T07:29:18.863319", "level": "INFO", "message": "설정 파일 로드 완료", "logger": "src.telegram_bot.core.bot_initializer"}
2025-10-01 07:29:18,864 - src.telegram_bot.core.bot_initializer - INFO - {"timestamp": "2025-10-01T07:29:18.864135", "level": "INFO", "message": "로깅 시스템 설정 완료", "logger": "src.telegram_bot.core.bot_initializer"}
2025-10-01 07:29:21,078 - src.telegram_bot.core.bot_initializer - INFO - {"timestamp": "2025-10-01T07:29:21.078335", "level": "INFO", "message": "텔레그램 애플리케이션 생성 완료", "logger": "src.telegram_bot.core.bot_initializer"}
2025-10-01 07:29:21,087 - src.telegram_bot.core.bot_initializer - INFO - {"timestamp": "2025-10-01T07:29:21.087175", "level": "INFO", "message": "핸들러 등록 완료", "logger": "src.telegram_bot.core.bot_initializer"}
2025-10-01 07:29:21,091 - src.telegram_bot.core.bot_initializer - INFO - {"timestamp": "2025-10-01T07:29:21.090880", "level": "INFO", "message": "텔레그램 봇 초기화 완료", "logger": "src.telegram_bot.core.bot_initializer"}
2025-10-01 07:29:21,093 - __main__ - INFO - {"timestamp": "2025-10-01T07:29:21.092908", "level": "INFO", "message": "텔레그램 봇 시작", "logger": "__main__"}
2025-10-01 07:29:21,094 - src.telegram_bot.core.bot_initializer - INFO - {"timestamp": "2025-10-01T07:29:21.094835", "level": "INFO", "message": "텔레그램 봇 폴링 시작", "logger": "src.telegram_bot.core.bot_initializer"}
2025-10-01 07:48:20,901 - __main__ - INFO - {"timestamp": "2025-10-01T07:48:20.901681", "level": "INFO", "message": "텔레그램 봇 시작", "logger": "__main__"}
2025-10-01 07:48:33,717 - src.telegram_bot.notifications.notification_manager - INFO - {"timestamp": "2025-10-01T07:48:33.717756", "level": "INFO", "message": "알림 관리자 시작됨", "logger": "src.telegram_bot.notifications.notification_manager"}
2025-10-01 07:48:33,721 - src.telegram_bot.notifications.notification_manager - INFO - {"timestamp": "2025-10-01T07:48:33.721548", "level": "INFO", "message": "사용자 test_user_001 알림 설정 업데이트됨", "logger": "src.telegram_bot.notifications.notification_manager"}
2025-10-01 07:48:33,723 - src.telegram_bot.notifications.notification_manager - INFO - {"timestamp": "2025-10-01T07:48:33.723078", "level": "INFO", "message": "알림 큐에 추가됨: e746c3ab7c98 (trade_execution)", "logger": "src.telegram_bot.notifications.notification_manager"}
2025-10-01 07:48:33,732 - src.telegram_bot.notifications.notification_manager - INFO - {"timestamp": "2025-10-01T07:48:33.732607", "level": "INFO", "message": "알림 큐에 추가됨: cd36caecec1b (loss_limit)", "logger": "src.telegram_bot.notifications.notification_manager"}
2025-10-01 07:48:33,741 - src.telegram_bot.notifications.notification_manager - INFO - {"timestamp": "2025-10-01T07:48:33.741571", "level": "INFO", "message": "알림 전송 성공: cd36caecec1b", "logger": "src.telegram_bot.notifications.notification_manager"}
2025-10-01 07:48:33,750 - src.telegram_bot.notifications.notification_manager - INFO - {"timestamp": "2025-10-01T07:48:33.749977", "level": "INFO", "message": "알림 전송 성공: e746c3ab7c98", "logger": "src.telegram_bot.notifications.notification_manager"}
2025-10-01 07:48:33,751 - src.telegram_bot.notifications.notification_manager - INFO - {"timestamp": "2025-10-01T07:48:33.751328", "level": "INFO", "message": "사용자 test_user_001 알림 설정 업데이트됨", "logger": "src.telegram_bot.notifications.notification_manager"}
2025-10-01 07:48:36,790 - src.telegram_bot.notifications.notification_manager - INFO - {"timestamp": "2025-10-01T07:48:36.790746", "level": "INFO", "message": "알림 관리자 중지됨", "logger": "src.telegram_bot.notifications.notification_manager"}
2025-10-01 07:49:33,998 - __main__ - INFO - {"timestamp": "2025-10-01T07:49:33.998027", "level": "INFO", "message": "텔레그램 봇 시작", "logger": "__main__"}
2025-10-01 07:50:55,972 - src.telegram_bot.core.bot_initializer - INFO - {"timestamp": "2025-10-01T07:50:55.972327", "level": "INFO", "message": "설정 파일 로드 완료", "logger": "src.telegram_bot.core.bot_initializer"}
2025-10-01 07:50:55,973 - src.telegram_bot.core.bot_initializer - INFO - {"timestamp": "2025-10-01T07:50:55.973644", "level": "INFO", "message": "로깅 시스템 설정 완료", "logger": "src.telegram_bot.core.bot_initializer"}
2025-10-01 07:50:57,984 - src.telegram_bot.core.bot_initializer - INFO - {"timestamp": "2025-10-01T07:50:57.984224", "level": "INFO", "message": "텔레그램 애플리케이션 생성 완료", "logger": "src.telegram_bot.core.bot_initializer"}
2025-10-01 07:50:57,984 - src.telegram_bot.core.bot_initializer - INFO - {"timestamp": "2025-10-01T07:50:57.984816", "level": "INFO", "message": "핸들러 등록 완료", "logger": "src.telegram_bot.core.bot_initializer"}
2025-10-01 07:50:57,986 - src.telegram_bot.core.bot_initializer - INFO - {"timestamp": "2025-10-01T07:50:57.986890", "level": "INFO", "message": "알림 서비스 초기화 완료", "logger": "src.telegram_bot.core.bot_initializer"}
2025-10-01 07:50:57,987 - src.telegram_bot.core.bot_initializer - INFO - {"timestamp": "2025-10-01T07:50:57.987238", "level": "INFO", "message": "텔레그램 봇 초기화 완료", "logger": "src.telegram_bot.core.bot_initializer"}
2025-10-01 07:50:57,987 - __main__ - INFO - {"timestamp": "2025-10-01T07:50:57.987510", "level": "INFO", "message": "텔레그램 봇 시작", "logger": "__main__"}
2025-10-01 07:50:57,988 - src.telegram_bot.notifications.notification_manager - INFO - {"timestamp": "2025-10-01T07:50:57.988061", "level": "INFO", "message": "알림 관리자 시작됨", "logger": "src.telegram_bot.notifications.notification_manager"}
2025-10-01 07:50:57,988 - src.telegram_bot.core.bot_initializer - INFO - {"timestamp": "2025-10-01T07:50:57.988574", "level": "INFO", "message": "텔레그램 봇 폴링 시작", "logger": "src.telegram_bot.core.bot_initializer"}
2025-10-01 07:50:58,152 - src.telegram_bot.core.bot_initializer - ERROR - {"timestamp": "2025-10-01T07:50:58.152896", "level": "ERROR", "message": "봇 시작 오류: Cannot close a running event loop", "logger": "src.telegram_bot.core.bot_initializer"}
2025-10-01 07:50:58,153 - __main__ - ERROR - {"timestamp": "2025-10-01T07:50:58.153362", "level": "ERROR", "message": "애플리케이션 실행 오류: Cannot close a running event loop", "logger": "__main__"}
2025-10-01 07:50:58,157 - __main__ - INFO - {"timestamp": "2025-10-01T07:50:58.157143", "level": "INFO", "message": "텔레그램 봇 중지 중...", "logger": "__main__"}
2025-10-01 07:50:58,157 - src.telegram_bot.notifications.notification_manager - INFO - {"timestamp": "2025-10-01T07:50:58.157684", "level": "INFO", "message": "알림 관리자 중지됨", "logger": "src.telegram_bot.notifications.notification_manager"}
2025-10-01 07:50:58,165 - src.telegram_bot.core.bot_initializer - ERROR - {"timestamp": "2025-10-01T07:50:58.165420", "level": "ERROR", "message": "봇 중지 오류: This Application is not running!", "logger": "src.telegram_bot.core.bot_initializer"}
2025-10-01 07:50:58,166 - __main__ - INFO - {"timestamp": "2025-10-01T07:50:58.166551", "level": "INFO", "message": "텔레그램 봇 중지 완료", "logger": "__main__"}
2025-10-01 08:23:32,334 - src.telegram_bot.core.bot_initializer - INFO - {"timestamp": "2025-10-01T08:23:32.334189", "level": "INFO", "message": "설정 파일 로드 완료", "logger": "src.telegram_bot.core.bot_initializer"}
2025-10-01 08:23:32,335 - src.telegram_bot.core.bot_initializer - INFO - {"timestamp": "2025-10-01T08:23:32.335130", "level": "INFO", "message": "로깅 시스템 설정 완료", "logger": "src.telegram_bot.core.bot_initializer"}
2025-10-01 08:23:34,857 - src.telegram_bot.core.bot_initializer - INFO - {"timestamp": "2025-10-01T08:23:34.857148", "level": "INFO", "message": "텔레그램 애플리케이션 생성 완료", "logger": "src.telegram_bot.core.bot_initializer"}
2025-10-01 08:23:34,858 - src.telegram_bot.core.bot_initializer - INFO - {"timestamp": "2025-10-01T08:23:34.858059", "level": "INFO", "message": "핸들러 등록 완료", "logger": "src.telegram_bot.core.bot_initializer"}
2025-10-01 08:23:34,859 - src.telegram_bot.notifications.notification_manager - INFO - {"timestamp": "2025-10-01T08:23:34.859777", "level": "INFO", "message": "알림 관리자 시작됨", "logger": "src.telegram_bot.notifications.notification_manager"}
2025-10-01 08:23:34,860 - src.telegram_bot.core.bot_initializer - INFO - {"timestamp": "2025-10-01T08:23:34.860610", "level": "INFO", "message": "알림 서비스 초기화 및 시작 완료", "logger": "src.telegram_bot.core.bot_initializer"}
2025-10-01 08:23:34,861 - src.telegram_bot.core.bot_initializer - INFO - {"timestamp": "2025-10-01T08:23:34.861058", "level": "INFO", "message": "텔레그램 봇 초기화 완료", "logger": "src.telegram_bot.core.bot_initializer"}
2025-10-01 08:23:34,861 - __main__ - INFO - {"timestamp": "2025-10-01T08:23:34.861507", "level": "INFO", "message": "텔레그램 봇 시작", "logger": "__main__"}
2025-10-01 08:23:34,862 - src.telegram_bot.core.bot_initializer - INFO - {"timestamp": "2025-10-01T08:23:34.862233", "level": "INFO", "message": "텔레그램 봇 폴링 시작", "logger": "src.telegram_bot.core.bot_initializer"}
2025-10-01 08:23:34,995 - src.telegram_bot.core.bot_initializer - ERROR - {"timestamp": "2025-10-01T08:23:34.995662", "level": "ERROR", "message": "봇 시작 오류: Cannot close a running event loop", "logger": "src.telegram_bot.core.bot_initializer"}
2025-10-01 08:23:34,996 - __main__ - ERROR - {"timestamp": "2025-10-01T08:23:34.996246", "level": "ERROR", "message": "애플리케이션 실행 오류: Cannot close a running event loop", "logger": "__main__"}
2025-10-01 08:23:35,000 - __main__ - INFO - {"timestamp": "2025-10-01T08:23:35.000837", "level": "INFO", "message": "텔레그램 봇 중지 중...", "logger": "__main__"}
2025-10-01 08:23:35,002 - src.telegram_bot.notifications.notification_manager - INFO - {"timestamp": "2025-10-01T08:23:35.001920", "level": "INFO", "message": "알림 관리자 중지됨", "logger": "src.telegram_bot.notifications.notification_manager"}
2025-10-01 08:23:35,003 - src.telegram_bot.core.bot_initializer - ERROR - {"timestamp": "2025-10-01T08:23:35.003181", "level": "ERROR", "message": "봇 중지 오류: This Application is not running!", "logger": "src.telegram_bot.core.bot_initializer"}
2025-10-01 08:23:35,005 - __main__ - INFO - {"timestamp": "2025-10-01T08:23:35.004943", "level": "INFO", "message": "텔레그램 봇 중지 완료", "logger": "__main__"}
